<?xml version="1.0" ?>
<testsuites disabled="0" errors="0" failures="17" tests="212" time="0.0">
	<testsuite disabled="0" errors="0" failures="17" name="terraform scan" skipped="4" tests="212" time="0">
		<properties>
			<property name="directory" value="['/tf']"/>
			<property name="add_check" value="False"/>
			<property name="list" value="False"/>
			<property name="output" value="['junitxml']"/>
			<property name="output_file_path" value="results.xml"/>
			<property name="output_bc_ids" value="False"/>
			<property name="include_all_checkov_policies" value="True"/>
			<property name="quiet" value="False"/>
			<property name="compact" value="False"/>
			<property name="framework" value="['all']"/>
			<property name="skip_framework" value="[]"/>
			<property name="run_all_external_checks" value="False"/>
			<property name="soft_fail" value="False"/>
			<property name="skip_results_upload" value="False"/>
			<property name="repo_id" value="cli_repo/tf"/>
			<property name="branch" value="master"/>
			<property name="skip_download" value="False"/>
			<property name="use_enforcement_rules" value="False"/>
			<property name="external_modules_download_path" value=".external_modules"/>
			<property name="evaluate_variables" value="True"/>
			<property name="no_cert_verify" value="False"/>
			<property name="create_baseline" value="False"/>
			<property name="output_baseline_as_skipped" value="False"/>
			<property name="secrets_scan_file_type" value="[]"/>
			<property name="enable_secret_scan_all_files" value="False"/>
			<property name="block_list_secret_scan" value="[]"/>
			<property name="summary_position" value="top"/>
			<property name="skip_resources_without_violations" value="False"/>
			<property name="deep_analysis" value="False"/>
			<property name="no_fail_on_crash" value="False"/>
			<property name="mask" value="defaultdict(&lt;class 'set'&gt;, {})"/>
			<property name="scan_secrets_history" value="False"/>
			<property name="secrets_history_timeout" value="12h"/>
			<property name="custom_tool_name" value="Checkov"/>
		</properties>
		<testcase name="[NONE][CKV_AWS_41] Ensure no hard coded AWS access key and secret key exists in provider" classname="/api-gateway/main.tf.aws.default" file="/api-gateway/main.tf"/>
		<testcase name="[NONE][CKV_AWS_76] Ensure API Gateway has Access Logging enabled" classname="/api-gateway/main.tf.aws_apigatewayv2_stage.default" file="/api-gateway/main.tf"/>
		<testcase name="[NONE][CKV_AWS_66] Ensure that CloudWatch Log Group specifies retention days" classname="/api-gateway/main.tf.aws_cloudwatch_log_group.api_gw" file="/api-gateway/main.tf"/>
		<testcase name="[NONE][CKV_AWS_41] Ensure no hard coded AWS access key and secret key exists in provider" classname="/ecr/main.tf.aws.default" file="/ecr/main.tf"/>
		<testcase name="[NONE][CKV_AWS_163] Ensure ECR image scanning on push is enabled" classname="/ecr/main.tf.aws_ecr_repository.api" file="/ecr/main.tf"/>
		<testcase name="[NONE][CKV_AWS_163] Ensure ECR image scanning on push is enabled" classname="/ecr/main.tf.aws_ecr_repository.web" file="/ecr/main.tf"/>
		<testcase name="[NONE][CKV_AWS_41] Ensure no hard coded AWS access key and secret key exists in provider" classname="/ecs-fargate/main.tf.aws.default" file="/ecs-fargate/main.tf"/>
		<testcase name="[NONE][CKV_AWS_60] Ensure IAM role allows only specific services or principals to assume it" classname="/ecs-fargate/main.tf.aws_iam_role.ecs_execution" file="/ecs-fargate/main.tf"/>
		<testcase name="[NONE][CKV_AWS_61] Ensure AWS IAM policy does not allow assume role permission across all services" classname="/ecs-fargate/main.tf.aws_iam_role.ecs_execution" file="/ecs-fargate/main.tf"/>
		<testcase name="[NONE][CKV_AWS_393] Ensure AWS GitHub Actions OIDC authorization policies only allow safe claims and claim order on IAM role" classname="/ecs-fargate/main.tf.aws_iam_role.ecs_execution" file="/ecs-fargate/main.tf"/>
		<testcase name="[NONE][CKV_AWS_274] Disallow IAM roles, users, and groups from using the AWS AdministratorAccess policy" classname="/ecs-fargate/main.tf.aws_iam_role.ecs_execution" file="/ecs-fargate/main.tf"/>
		<testcase name="[NONE][CKV_AWS_274] Disallow IAM roles, users, and groups from using the AWS AdministratorAccess policy" classname="/ecs-fargate/main.tf.aws_iam_role_policy_attachment.ecs_execution" file="/ecs-fargate/main.tf"/>
		<testcase name="[NONE][CKV_AWS_66] Ensure that CloudWatch Log Group specifies retention days" classname="/ecs-fargate/main.tf.aws_cloudwatch_log_group.api" file="/ecs-fargate/main.tf"/>
		<testcase name="[NONE][CKV_AWS_66] Ensure that CloudWatch Log Group specifies retention days" classname="/ecs-fargate/main.tf.aws_cloudwatch_log_group.web" file="/ecs-fargate/main.tf"/>
		<testcase name="[NONE][CKV_AWS_65] Ensure container insights are enabled on ECS cluster" classname="/ecs-fargate/main.tf.aws_ecs_cluster.main" file="/ecs-fargate/main.tf"/>
		<testcase name="[NONE][CKV_AWS_223] Ensure ECS Cluster enables logging of ECS Exec" classname="/ecs-fargate/main.tf.aws_ecs_cluster.main" file="/ecs-fargate/main.tf"/>
		<testcase name="[NONE][CKV_AWS_249] Ensure that the Execution Role ARN and the Task Role ARN are different in ECS Task definitions" classname="/ecs-fargate/main.tf.aws_ecs_task_definition.api" file="/ecs-fargate/main.tf"/>
		<testcase name="[NONE][CKV_AWS_335] Ensure ECS task definitions should not share the host's process namespace" classname="/ecs-fargate/main.tf.aws_ecs_task_definition.api" file="/ecs-fargate/main.tf"/>
		<testcase name="[NONE][CKV_AWS_97] Ensure Encryption in transit is enabled for EFS volumes in ECS Task definitions" classname="/ecs-fargate/main.tf.aws_ecs_task_definition.api" file="/ecs-fargate/main.tf"/>
		<testcase name="[NONE][CKV_AWS_334] Ensure ECS containers should run as non-privileged" classname="/ecs-fargate/main.tf.aws_ecs_task_definition.api" file="/ecs-fargate/main.tf"/>
		<testcase name="[NONE][CKV_AWS_249] Ensure that the Execution Role ARN and the Task Role ARN are different in ECS Task definitions" classname="/ecs-fargate/main.tf.aws_ecs_task_definition.web" file="/ecs-fargate/main.tf"/>
		<testcase name="[NONE][CKV_AWS_335] Ensure ECS task definitions should not share the host's process namespace" classname="/ecs-fargate/main.tf.aws_ecs_task_definition.web" file="/ecs-fargate/main.tf"/>
		<testcase name="[NONE][CKV_AWS_97] Ensure Encryption in transit is enabled for EFS volumes in ECS Task definitions" classname="/ecs-fargate/main.tf.aws_ecs_task_definition.web" file="/ecs-fargate/main.tf"/>
		<testcase name="[NONE][CKV_AWS_334] Ensure ECS containers should run as non-privileged" classname="/ecs-fargate/main.tf.aws_ecs_task_definition.web" file="/ecs-fargate/main.tf"/>
		<testcase name="[NONE][CKV_AWS_332] Ensure ECS Fargate services run on the latest Fargate platform version" classname="/ecs-fargate/main.tf.aws_ecs_service.api" file="/ecs-fargate/main.tf"/>
		<testcase name="[NONE][CKV_AWS_333] Ensure ECS services do not have public IP addresses assigned to them automatically" classname="/ecs-fargate/main.tf.aws_ecs_service.api" file="/ecs-fargate/main.tf"/>
		<testcase name="[NONE][CKV_AWS_41] Ensure no hard coded AWS access key and secret key exists in provider" classname="/elasticache/main.tf.aws.default" file="/elasticache/main.tf"/>
		<testcase name="[NONE][CKV_AWS_191] Ensure ElastiCache replication group is encrypted by KMS using a customer managed Key (CMK)" classname="/elasticache/main.tf.aws_elasticache_replication_group.main" file="/elasticache/main.tf"/>
		<testcase name="[NONE][CKV_AWS_31] Ensure all data stored in the ElastiCache Replication Group is securely encrypted at transit and has auth token" classname="/elasticache/main.tf.aws_elasticache_replication_group.main" file="/elasticache/main.tf"/>
		<testcase name="[NONE][CKV_AWS_30] Ensure all data stored in the ElastiCache Replication Group is securely encrypted at transit" classname="/elasticache/main.tf.aws_elasticache_replication_group.main" file="/elasticache/main.tf"/>
		<testcase name="[NONE][CKV_AWS_29] Ensure all data stored in the ElastiCache Replication Group is securely encrypted at rest" classname="/elasticache/main.tf.aws_elasticache_replication_group.main" file="/elasticache/main.tf"/>
		<testcase name="[NONE][CKV_AWS_41] Ensure no hard coded AWS access key and secret key exists in provider" classname="/messaging/main.tf.aws.default" file="/messaging/main.tf"/>
		<testcase name="[NONE][CKV_AWS_26] Ensure all data stored in the SNS topic is encrypted" classname="/messaging/main.tf.aws_sns_topic.reservas" file="/messaging/main.tf"/>
		<testcase name="[NONE][CKV_AWS_26] Ensure all data stored in the SNS topic is encrypted" classname="/messaging/main.tf.aws_sns_topic.pagos" file="/messaging/main.tf"/>
		<testcase name="[NONE][CKV_AWS_26] Ensure all data stored in the SNS topic is encrypted" classname="/messaging/main.tf.aws_sns_topic.auditoria" file="/messaging/main.tf"/>
		<testcase name="[NONE][CKV_AWS_27] Ensure all data stored in the SQS queue is encrypted" classname="/messaging/main.tf.aws_sqs_queue.reservas_notificaciones_dlq" file="/messaging/main.tf"/>
		<testcase name="[NONE][CKV_AWS_168] Ensure SQS queue policy is not public by only allowing specific services or principals to access it" classname="/messaging/main.tf.aws_sqs_queue.reservas_notificaciones_dlq" file="/messaging/main.tf"/>
		<testcase name="[NONE][CKV_AWS_27] Ensure all data stored in the SQS queue is encrypted" classname="/messaging/main.tf.aws_sqs_queue.pagos_notificaciones_dlq" file="/messaging/main.tf"/>
		<testcase name="[NONE][CKV_AWS_168] Ensure SQS queue policy is not public by only allowing specific services or principals to access it" classname="/messaging/main.tf.aws_sqs_queue.pagos_notificaciones_dlq" file="/messaging/main.tf"/>
		<testcase name="[NONE][CKV_AWS_27] Ensure all data stored in the SQS queue is encrypted" classname="/messaging/main.tf.aws_sqs_queue.reservas_pagos_dlq" file="/messaging/main.tf"/>
		<testcase name="[NONE][CKV_AWS_168] Ensure SQS queue policy is not public by only allowing specific services or principals to access it" classname="/messaging/main.tf.aws_sqs_queue.reservas_pagos_dlq" file="/messaging/main.tf"/>
		<testcase name="[NONE][CKV_AWS_27] Ensure all data stored in the SQS queue is encrypted" classname="/messaging/main.tf.aws_sqs_queue.auditoria_dlq" file="/messaging/main.tf"/>
		<testcase name="[NONE][CKV_AWS_168] Ensure SQS queue policy is not public by only allowing specific services or principals to access it" classname="/messaging/main.tf.aws_sqs_queue.auditoria_dlq" file="/messaging/main.tf"/>
		<testcase name="[NONE][CKV_AWS_27] Ensure all data stored in the SQS queue is encrypted" classname="/messaging/main.tf.aws_sqs_queue.reservas_notificaciones" file="/messaging/main.tf"/>
		<testcase name="[NONE][CKV_AWS_168] Ensure SQS queue policy is not public by only allowing specific services or principals to access it" classname="/messaging/main.tf.aws_sqs_queue.reservas_notificaciones" file="/messaging/main.tf"/>
		<testcase name="[NONE][CKV_AWS_27] Ensure all data stored in the SQS queue is encrypted" classname="/messaging/main.tf.aws_sqs_queue.pagos_notificaciones" file="/messaging/main.tf"/>
		<testcase name="[NONE][CKV_AWS_168] Ensure SQS queue policy is not public by only allowing specific services or principals to access it" classname="/messaging/main.tf.aws_sqs_queue.pagos_notificaciones" file="/messaging/main.tf"/>
		<testcase name="[NONE][CKV_AWS_27] Ensure all data stored in the SQS queue is encrypted" classname="/messaging/main.tf.aws_sqs_queue.reservas_pagos" file="/messaging/main.tf"/>
		<testcase name="[NONE][CKV_AWS_168] Ensure SQS queue policy is not public by only allowing specific services or principals to access it" classname="/messaging/main.tf.aws_sqs_queue.reservas_pagos" file="/messaging/main.tf"/>
		<testcase name="[NONE][CKV_AWS_27] Ensure all data stored in the SQS queue is encrypted" classname="/messaging/main.tf.aws_sqs_queue.auditoria" file="/messaging/main.tf"/>
		<testcase name="[NONE][CKV_AWS_168] Ensure SQS queue policy is not public by only allowing specific services or principals to access it" classname="/messaging/main.tf.aws_sqs_queue.auditoria" file="/messaging/main.tf"/>
		<testcase name="[NONE][CKV_AWS_72] Ensure SQS policy does not allow ALL (*) actions." classname="/messaging/main.tf.aws_sqs_queue_policy.reservas_notificaciones" file="/messaging/main.tf"/>
		<testcase name="[NONE][CKV_AWS_168] Ensure SQS queue policy is not public by only allowing specific services or principals to access it" classname="/messaging/main.tf.aws_sqs_queue_policy.reservas_notificaciones" file="/messaging/main.tf"/>
		<testcase name="[NONE][CKV_AWS_387] Ensure SQS policy does not allow public access through wildcards" classname="/messaging/main.tf.aws_sqs_queue_policy.reservas_notificaciones" file="/messaging/main.tf"/>
		<testcase name="[NONE][CKV_AWS_72] Ensure SQS policy does not allow ALL (*) actions." classname="/messaging/main.tf.aws_sqs_queue_policy.pagos_notificaciones" file="/messaging/main.tf"/>
		<testcase name="[NONE][CKV_AWS_168] Ensure SQS queue policy is not public by only allowing specific services or principals to access it" classname="/messaging/main.tf.aws_sqs_queue_policy.pagos_notificaciones" file="/messaging/main.tf"/>
		<testcase name="[NONE][CKV_AWS_387] Ensure SQS policy does not allow public access through wildcards" classname="/messaging/main.tf.aws_sqs_queue_policy.pagos_notificaciones" file="/messaging/main.tf"/>
		<testcase name="[NONE][CKV_AWS_72] Ensure SQS policy does not allow ALL (*) actions." classname="/messaging/main.tf.aws_sqs_queue_policy.reservas_pagos" file="/messaging/main.tf"/>
		<testcase name="[NONE][CKV_AWS_168] Ensure SQS queue policy is not public by only allowing specific services or principals to access it" classname="/messaging/main.tf.aws_sqs_queue_policy.reservas_pagos" file="/messaging/main.tf"/>
		<testcase name="[NONE][CKV_AWS_387] Ensure SQS policy does not allow public access through wildcards" classname="/messaging/main.tf.aws_sqs_queue_policy.reservas_pagos" file="/messaging/main.tf"/>
		<testcase name="[NONE][CKV_AWS_72] Ensure SQS policy does not allow ALL (*) actions." classname="/messaging/main.tf.aws_sqs_queue_policy.auditoria" file="/messaging/main.tf"/>
		<testcase name="[NONE][CKV_AWS_168] Ensure SQS queue policy is not public by only allowing specific services or principals to access it" classname="/messaging/main.tf.aws_sqs_queue_policy.auditoria" file="/messaging/main.tf"/>
		<testcase name="[NONE][CKV_AWS_387] Ensure SQS policy does not allow public access through wildcards" classname="/messaging/main.tf.aws_sqs_queue_policy.auditoria" file="/messaging/main.tf"/>
		<testcase name="[NONE][CKV_AWS_41] Ensure no hard coded AWS access key and secret key exists in provider" classname="/monitoring/main.tf.aws.default" file="/monitoring/main.tf"/>
		<testcase name="[NONE][CKV_AWS_319] Ensure that CloudWatch alarm actions are enabled" classname="/monitoring/main.tf.aws_cloudwatch_metric_alarm.ecs_api_cpu" file="/monitoring/main.tf"/>
		<testcase name="[NONE][CKV_AWS_319] Ensure that CloudWatch alarm actions are enabled" classname="/monitoring/main.tf.aws_cloudwatch_metric_alarm.ecs_api_memory" file="/monitoring/main.tf"/>
		<testcase name="[NONE][CKV_AWS_319] Ensure that CloudWatch alarm actions are enabled" classname="/monitoring/main.tf.aws_cloudwatch_metric_alarm.ecs_web_cpu" file="/monitoring/main.tf"/>
		<testcase name="[NONE][CKV_AWS_319] Ensure that CloudWatch alarm actions are enabled" classname="/monitoring/main.tf.aws_cloudwatch_metric_alarm.alb_5xx" file="/monitoring/main.tf"/>
		<testcase name="[NONE][CKV_AWS_41] Ensure no hard coded AWS access key and secret key exists in provider" classname="/rds/main.tf.aws.default" file="/rds/main.tf"/>
		<testcase name="[NONE][CKV_AWS_324] Ensure that RDS Cluster log capture is enabled" classname="/rds/main.tf.aws_rds_cluster.main" file="/rds/main.tf"/>
		<testcase name="[NONE][CKV_AWS_162] Ensure RDS cluster has IAM authentication enabled" classname="/rds/main.tf.aws_rds_cluster.main" file="/rds/main.tf"/>
		<testcase name="[NONE][CKV_AWS_250] Ensure that RDS PostgreSQL instances use a non vulnerable version with the log_fdw extension (https://aws.amazon.com/security/security-bulletins/AWS-2022-004/)" classname="/rds/main.tf.aws_rds_cluster.main" file="/rds/main.tf"/>
		<testcase name="[NONE][CKV_AWS_96] Ensure all data stored in Aurora is securely encrypted at rest" classname="/rds/main.tf.aws_rds_cluster.main" file="/rds/main.tf"/>
		<testcase name="[NONE][CKV_AWS_313] Ensure RDS cluster configured to copy tags to snapshots" classname="/rds/main.tf.aws_rds_cluster.main" file="/rds/main.tf"/>
		<testcase name="[NONE][CKV_AWS_139] Ensure that RDS clusters have deletion protection enabled" classname="/rds/main.tf.aws_rds_cluster.main" file="/rds/main.tf"/>
		<testcase name="[NONE][CKV_AWS_327] Ensure RDS Clusters are encrypted using KMS CMKs" classname="/rds/main.tf.aws_rds_cluster.main" file="/rds/main.tf"/>
		<testcase name="[NONE][CKV_AWS_133] Ensure that RDS instances has backup policy" classname="/rds/main.tf.aws_rds_cluster.main" file="/rds/main.tf"/>
		<testcase name="[NONE][CKV_AWS_354] Ensure RDS Performance Insights are encrypted using KMS CMKs" classname="/rds/main.tf.aws_rds_cluster_instance.primary" file="/rds/main.tf"/>
		<testcase name="[NONE][CKV_AWS_353] Ensure that RDS instances have performance insights enabled" classname="/rds/main.tf.aws_rds_cluster_instance.primary" file="/rds/main.tf"/>
		<testcase name="[NONE][CKV_AWS_226] Ensure DB instance gets all minor upgrades automatically" classname="/rds/main.tf.aws_rds_cluster_instance.primary" file="/rds/main.tf"/>
		<testcase name="[NONE][CKV_AWS_118] Ensure that enhanced monitoring is enabled for Amazon RDS instances" classname="/rds/main.tf.aws_rds_cluster_instance.primary" file="/rds/main.tf"/>
		<testcase name="[NONE][CKV_AWS_17] Ensure all data stored in RDS is not publicly accessible" classname="/rds/main.tf.aws_rds_cluster_instance.primary" file="/rds/main.tf"/>
		<testcase name="[NONE][CKV_AWS_354] Ensure RDS Performance Insights are encrypted using KMS CMKs" classname="/rds/main.tf.aws_rds_cluster_instance.standby" file="/rds/main.tf"/>
		<testcase name="[NONE][CKV_AWS_353] Ensure that RDS instances have performance insights enabled" classname="/rds/main.tf.aws_rds_cluster_instance.standby" file="/rds/main.tf"/>
		<testcase name="[NONE][CKV_AWS_226] Ensure DB instance gets all minor upgrades automatically" classname="/rds/main.tf.aws_rds_cluster_instance.standby" file="/rds/main.tf"/>
		<testcase name="[NONE][CKV_AWS_118] Ensure that enhanced monitoring is enabled for Amazon RDS instances" classname="/rds/main.tf.aws_rds_cluster_instance.standby" file="/rds/main.tf"/>
		<testcase name="[NONE][CKV_AWS_17] Ensure all data stored in RDS is not publicly accessible" classname="/rds/main.tf.aws_rds_cluster_instance.standby" file="/rds/main.tf"/>
		<testcase name="[NONE][CKV_AWS_60] Ensure IAM role allows only specific services or principals to assume it" classname="/rds/main.tf.aws_iam_role.rds_enhanced_monitoring" file="/rds/main.tf"/>
		<testcase name="[NONE][CKV_AWS_61] Ensure AWS IAM policy does not allow assume role permission across all services" classname="/rds/main.tf.aws_iam_role.rds_enhanced_monitoring" file="/rds/main.tf"/>
		<testcase name="[NONE][CKV_AWS_393] Ensure AWS GitHub Actions OIDC authorization policies only allow safe claims and claim order on IAM role" classname="/rds/main.tf.aws_iam_role.rds_enhanced_monitoring" file="/rds/main.tf"/>
		<testcase name="[NONE][CKV_AWS_274] Disallow IAM roles, users, and groups from using the AWS AdministratorAccess policy" classname="/rds/main.tf.aws_iam_role.rds_enhanced_monitoring" file="/rds/main.tf"/>
		<testcase name="[NONE][CKV_AWS_274] Disallow IAM roles, users, and groups from using the AWS AdministratorAccess policy" classname="/rds/main.tf.aws_iam_role_policy_attachment.rds_enhanced_monitoring" file="/rds/main.tf"/>
		<testcase name="[NONE][CKV_AWS_60] Ensure IAM role allows only specific services or principals to assume it" classname="/rds/main.tf.aws_iam_role.rds_proxy" file="/rds/main.tf"/>
		<testcase name="[NONE][CKV_AWS_61] Ensure AWS IAM policy does not allow assume role permission across all services" classname="/rds/main.tf.aws_iam_role.rds_proxy" file="/rds/main.tf"/>
		<testcase name="[NONE][CKV_AWS_393] Ensure AWS GitHub Actions OIDC authorization policies only allow safe claims and claim order on IAM role" classname="/rds/main.tf.aws_iam_role.rds_proxy" file="/rds/main.tf"/>
		<testcase name="[NONE][CKV_AWS_274] Disallow IAM roles, users, and groups from using the AWS AdministratorAccess policy" classname="/rds/main.tf.aws_iam_role.rds_proxy" file="/rds/main.tf"/>
		<testcase name="[NONE][CKV_AWS_290] Ensure IAM policies does not allow write access without constraints" classname="/rds/main.tf.aws_iam_role_policy.rds_proxy" file="/rds/main.tf"/>
		<testcase name="[NONE][CKV_AWS_289] Ensure IAM policies does not allow permissions management / resource exposure without constraints" classname="/rds/main.tf.aws_iam_role_policy.rds_proxy" file="/rds/main.tf"/>
		<testcase name="[NONE][CKV_AWS_288] Ensure IAM policies does not allow data exfiltration" classname="/rds/main.tf.aws_iam_role_policy.rds_proxy" file="/rds/main.tf"/>
		<testcase name="[NONE][CKV_AWS_355] Ensure no IAM policies documents allow &quot;*&quot; as a statement's resource for restrictable actions" classname="/rds/main.tf.aws_iam_role_policy.rds_proxy" file="/rds/main.tf"/>
		<testcase name="[NONE][CKV_AWS_62] Ensure IAM policies that allow full &quot;*-*&quot; administrative privileges are not created" classname="/rds/main.tf.aws_iam_role_policy.rds_proxy" file="/rds/main.tf"/>
		<testcase name="[NONE][CKV_AWS_63] Ensure no IAM policies documents allow &quot;*&quot; as a statement's actions" classname="/rds/main.tf.aws_iam_role_policy.rds_proxy" file="/rds/main.tf"/>
		<testcase name="[NONE][CKV_AWS_286] Ensure IAM policies does not allow privilege escalation" classname="/rds/main.tf.aws_iam_role_policy.rds_proxy" file="/rds/main.tf"/>
		<testcase name="[NONE][CKV_AWS_287] Ensure IAM policies does not allow credentials exposure" classname="/rds/main.tf.aws_iam_role_policy.rds_proxy" file="/rds/main.tf"/>
		<testcase name="[NONE][CKV_AWS_166] Ensure Backup Vault is encrypted at rest using KMS CMK" classname="/rds/main.tf.aws_backup_vault.main" file="/rds/main.tf"/>
		<testcase name="[NONE][CKV_AWS_60] Ensure IAM role allows only specific services or principals to assume it" classname="/rds/main.tf.aws_iam_role.aws_backup" file="/rds/main.tf"/>
		<testcase name="[NONE][CKV_AWS_61] Ensure AWS IAM policy does not allow assume role permission across all services" classname="/rds/main.tf.aws_iam_role.aws_backup" file="/rds/main.tf"/>
		<testcase name="[NONE][CKV_AWS_393] Ensure AWS GitHub Actions OIDC authorization policies only allow safe claims and claim order on IAM role" classname="/rds/main.tf.aws_iam_role.aws_backup" file="/rds/main.tf"/>
		<testcase name="[NONE][CKV_AWS_274] Disallow IAM roles, users, and groups from using the AWS AdministratorAccess policy" classname="/rds/main.tf.aws_iam_role.aws_backup" file="/rds/main.tf"/>
		<testcase name="[NONE][CKV_AWS_274] Disallow IAM roles, users, and groups from using the AWS AdministratorAccess policy" classname="/rds/main.tf.aws_iam_role_policy_attachment.aws_backup" file="/rds/main.tf"/>
		<testcase name="[NONE][CKV_AWS_41] Ensure no hard coded AWS access key and secret key exists in provider" classname="/security/main.tf.aws.default" file="/security/main.tf"/>
		<testcase name="[NONE][CKV_AWS_227] Ensure KMS key is enabled" classname="/security/main.tf.aws_kms_key.main" file="/security/main.tf"/>
		<testcase name="[NONE][CKV_AWS_33] Ensure KMS key policy does not contain wildcard (*) principal" classname="/security/main.tf.aws_kms_key.main" file="/security/main.tf"/>
		<testcase name="[NONE][CKV_AWS_7] Ensure rotation for customer created CMKs is enabled" classname="/security/main.tf.aws_kms_key.main" file="/security/main.tf"/>
		<testcase name="[NONE][CKV_AWS_149] Ensure that Secrets Manager secret is encrypted using KMS CMK" classname="/security/main.tf.aws_secretsmanager_secret.rds_credentials" file="/security/main.tf"/>
		<testcase name="[NONE][CKV_AWS_304] Ensure Secrets Manager secrets should be rotated within 90 days" classname="/security/main.tf.aws_secretsmanager_secret_rotation.rds_credentials" file="/security/main.tf"/>
		<testcase name="[NONE][CKV_AWS_23] Ensure every security group and rule has a description" classname="/security/main.tf.aws_security_group.alb" file="/security/main.tf"/>
		<testcase name="[NONE][CKV_AWS_277] Ensure no security groups allow ingress from 0.0.0.0:0 to port -1" classname="/security/main.tf.aws_security_group.alb" file="/security/main.tf"/>
		<testcase name="[NONE][CKV_AWS_24] Ensure no security groups allow ingress from 0.0.0.0:0 to port 22" classname="/security/main.tf.aws_security_group.alb" file="/security/main.tf"/>
		<testcase name="[NONE][CKV_AWS_25] Ensure no security groups allow ingress from 0.0.0.0:0 to port 3389" classname="/security/main.tf.aws_security_group.alb" file="/security/main.tf"/>
		<testcase name="[NONE][CKV_AWS_382] Ensure no security groups allow egress from 0.0.0.0:0 to port -1" classname="/security/main.tf.aws_security_group.alb" file="/security/main.tf"/>
		<testcase name="[NONE][CKV_AWS_23] Ensure every security group and rule has a description" classname="/security/main.tf.aws_security_group.ecs" file="/security/main.tf"/>
		<testcase name="[NONE][CKV_AWS_277] Ensure no security groups allow ingress from 0.0.0.0:0 to port -1" classname="/security/main.tf.aws_security_group.ecs" file="/security/main.tf"/>
		<testcase name="[NONE][CKV_AWS_24] Ensure no security groups allow ingress from 0.0.0.0:0 to port 22" classname="/security/main.tf.aws_security_group.ecs" file="/security/main.tf"/>
		<testcase name="[NONE][CKV_AWS_25] Ensure no security groups allow ingress from 0.0.0.0:0 to port 3389" classname="/security/main.tf.aws_security_group.ecs" file="/security/main.tf"/>
		<testcase name="[NONE][CKV_AWS_382] Ensure no security groups allow egress from 0.0.0.0:0 to port -1" classname="/security/main.tf.aws_security_group.ecs" file="/security/main.tf"/>
		<testcase name="[NONE][CKV_AWS_260] Ensure no security groups allow ingress from 0.0.0.0:0 to port 80" classname="/security/main.tf.aws_security_group.ecs" file="/security/main.tf"/>
		<testcase name="[NONE][CKV_AWS_23] Ensure every security group and rule has a description" classname="/security/main.tf.aws_security_group.rds" file="/security/main.tf"/>
		<testcase name="[NONE][CKV_AWS_277] Ensure no security groups allow ingress from 0.0.0.0:0 to port -1" classname="/security/main.tf.aws_security_group.rds" file="/security/main.tf"/>
		<testcase name="[NONE][CKV_AWS_24] Ensure no security groups allow ingress from 0.0.0.0:0 to port 22" classname="/security/main.tf.aws_security_group.rds" file="/security/main.tf"/>
		<testcase name="[NONE][CKV_AWS_25] Ensure no security groups allow ingress from 0.0.0.0:0 to port 3389" classname="/security/main.tf.aws_security_group.rds" file="/security/main.tf"/>
		<testcase name="[NONE][CKV_AWS_382] Ensure no security groups allow egress from 0.0.0.0:0 to port -1" classname="/security/main.tf.aws_security_group.rds" file="/security/main.tf"/>
		<testcase name="[NONE][CKV_AWS_260] Ensure no security groups allow ingress from 0.0.0.0:0 to port 80" classname="/security/main.tf.aws_security_group.rds" file="/security/main.tf"/>
		<testcase name="[NONE][CKV_AWS_23] Ensure every security group and rule has a description" classname="/security/main.tf.aws_security_group.elasticache" file="/security/main.tf"/>
		<testcase name="[NONE][CKV_AWS_277] Ensure no security groups allow ingress from 0.0.0.0:0 to port -1" classname="/security/main.tf.aws_security_group.elasticache" file="/security/main.tf"/>
		<testcase name="[NONE][CKV_AWS_24] Ensure no security groups allow ingress from 0.0.0.0:0 to port 22" classname="/security/main.tf.aws_security_group.elasticache" file="/security/main.tf"/>
		<testcase name="[NONE][CKV_AWS_25] Ensure no security groups allow ingress from 0.0.0.0:0 to port 3389" classname="/security/main.tf.aws_security_group.elasticache" file="/security/main.tf"/>
		<testcase name="[NONE][CKV_AWS_382] Ensure no security groups allow egress from 0.0.0.0:0 to port -1" classname="/security/main.tf.aws_security_group.elasticache" file="/security/main.tf"/>
		<testcase name="[NONE][CKV_AWS_260] Ensure no security groups allow ingress from 0.0.0.0:0 to port 80" classname="/security/main.tf.aws_security_group.elasticache" file="/security/main.tf"/>
		<testcase name="[NONE][CKV_AWS_41] Ensure no hard coded AWS access key and secret key exists in provider" classname="/vpc/main.tf.aws.default" file="/vpc/main.tf"/>
		<testcase name="[NONE][CKV_AWS_130] Ensure VPC subnets do not assign public IP by default" classname="/vpc/main.tf.aws_subnet.public[0]" file="/vpc/main.tf"/>
		<testcase name="[NONE][CKV_AWS_130] Ensure VPC subnets do not assign public IP by default" classname="/vpc/main.tf.aws_subnet.private_app[0]" file="/vpc/main.tf"/>
		<testcase name="[NONE][CKV_AWS_130] Ensure VPC subnets do not assign public IP by default" classname="/vpc/main.tf.aws_subnet.private_db[0]" file="/vpc/main.tf"/>
		<testcase name="[NONE][CKV_AWS_23] Ensure every security group and rule has a description" classname="/vpc/main.tf.aws_security_group.vpc_endpoints" file="/vpc/main.tf"/>
		<testcase name="[NONE][CKV_AWS_277] Ensure no security groups allow ingress from 0.0.0.0:0 to port -1" classname="/vpc/main.tf.aws_security_group.vpc_endpoints" file="/vpc/main.tf"/>
		<testcase name="[NONE][CKV_AWS_24] Ensure no security groups allow ingress from 0.0.0.0:0 to port 22" classname="/vpc/main.tf.aws_security_group.vpc_endpoints" file="/vpc/main.tf"/>
		<testcase name="[NONE][CKV_AWS_25] Ensure no security groups allow ingress from 0.0.0.0:0 to port 3389" classname="/vpc/main.tf.aws_security_group.vpc_endpoints" file="/vpc/main.tf"/>
		<testcase name="[NONE][CKV_AWS_382] Ensure no security groups allow egress from 0.0.0.0:0 to port -1" classname="/vpc/main.tf.aws_security_group.vpc_endpoints" file="/vpc/main.tf"/>
		<testcase name="[NONE][CKV_AWS_260] Ensure no security groups allow ingress from 0.0.0.0:0 to port 80" classname="/vpc/main.tf.aws_security_group.vpc_endpoints" file="/vpc/main.tf"/>
		<testcase name="[NONE][CKV_AWS_66] Ensure that CloudWatch Log Group specifies retention days" classname="/vpc/main.tf.aws_cloudwatch_log_group.vpc_flow_logs" file="/vpc/main.tf"/>
		<testcase name="[NONE][CKV_AWS_60] Ensure IAM role allows only specific services or principals to assume it" classname="/vpc/main.tf.aws_iam_role.vpc_flow_logs" file="/vpc/main.tf"/>
		<testcase name="[NONE][CKV_AWS_61] Ensure AWS IAM policy does not allow assume role permission across all services" classname="/vpc/main.tf.aws_iam_role.vpc_flow_logs" file="/vpc/main.tf"/>
		<testcase name="[NONE][CKV_AWS_393] Ensure AWS GitHub Actions OIDC authorization policies only allow safe claims and claim order on IAM role" classname="/vpc/main.tf.aws_iam_role.vpc_flow_logs" file="/vpc/main.tf"/>
		<testcase name="[NONE][CKV_AWS_274] Disallow IAM roles, users, and groups from using the AWS AdministratorAccess policy" classname="/vpc/main.tf.aws_iam_role.vpc_flow_logs" file="/vpc/main.tf"/>
		<testcase name="[NONE][CKV_AWS_290] Ensure IAM policies does not allow write access without constraints" classname="/vpc/main.tf.aws_iam_role_policy.vpc_flow_logs" file="/vpc/main.tf"/>
		<testcase name="[NONE][CKV_AWS_289] Ensure IAM policies does not allow permissions management / resource exposure without constraints" classname="/vpc/main.tf.aws_iam_role_policy.vpc_flow_logs" file="/vpc/main.tf"/>
		<testcase name="[NONE][CKV_AWS_288] Ensure IAM policies does not allow data exfiltration" classname="/vpc/main.tf.aws_iam_role_policy.vpc_flow_logs" file="/vpc/main.tf"/>
		<testcase name="[NONE][CKV_AWS_355] Ensure no IAM policies documents allow &quot;*&quot; as a statement's resource for restrictable actions" classname="/vpc/main.tf.aws_iam_role_policy.vpc_flow_logs" file="/vpc/main.tf"/>
		<testcase name="[NONE][CKV_AWS_62] Ensure IAM policies that allow full &quot;*-*&quot; administrative privileges are not created" classname="/vpc/main.tf.aws_iam_role_policy.vpc_flow_logs" file="/vpc/main.tf"/>
		<testcase name="[NONE][CKV_AWS_63] Ensure no IAM policies documents allow &quot;*&quot; as a statement's actions" classname="/vpc/main.tf.aws_iam_role_policy.vpc_flow_logs" file="/vpc/main.tf"/>
		<testcase name="[NONE][CKV_AWS_286] Ensure IAM policies does not allow privilege escalation" classname="/vpc/main.tf.aws_iam_role_policy.vpc_flow_logs" file="/vpc/main.tf"/>
		<testcase name="[NONE][CKV_AWS_287] Ensure IAM policies does not allow credentials exposure" classname="/vpc/main.tf.aws_iam_role_policy.vpc_flow_logs" file="/vpc/main.tf"/>
		<testcase name="[NONE][CKV_AWS_130] Ensure VPC subnets do not assign public IP by default" classname="/vpc/main.tf.aws_subnet.public[1]" file="/vpc/main.tf"/>
		<testcase name="[NONE][CKV_AWS_130] Ensure VPC subnets do not assign public IP by default" classname="/vpc/main.tf.aws_subnet.private_app[1]" file="/vpc/main.tf"/>
		<testcase name="[NONE][CKV_AWS_130] Ensure VPC subnets do not assign public IP by default" classname="/vpc/main.tf.aws_subnet.private_db[1]" file="/vpc/main.tf"/>
		<testcase name="[NONE][CKV2_AWS_56] Ensure AWS Managed IAMFullAccess IAM policy is not used." classname="/ecs-fargate/main.tf.aws_iam_role.ecs_execution" file="/ecs-fargate/main.tf"/>
		<testcase name="[NONE][CKV2_AWS_56] Ensure AWS Managed IAMFullAccess IAM policy is not used." classname="/ecs-fargate/main.tf.aws_iam_role_policy_attachment.ecs_execution" file="/ecs-fargate/main.tf"/>
		<testcase name="[NONE][CKV2_AWS_56] Ensure AWS Managed IAMFullAccess IAM policy is not used." classname="/rds/main.tf.aws_iam_role.rds_enhanced_monitoring" file="/rds/main.tf"/>
		<testcase name="[NONE][CKV2_AWS_56] Ensure AWS Managed IAMFullAccess IAM policy is not used." classname="/rds/main.tf.aws_iam_role_policy_attachment.rds_enhanced_monitoring" file="/rds/main.tf"/>
		<testcase name="[NONE][CKV2_AWS_56] Ensure AWS Managed IAMFullAccess IAM policy is not used." classname="/rds/main.tf.aws_iam_role.rds_proxy" file="/rds/main.tf"/>
		<testcase name="[NONE][CKV2_AWS_56] Ensure AWS Managed IAMFullAccess IAM policy is not used." classname="/rds/main.tf.aws_iam_role.aws_backup" file="/rds/main.tf"/>
		<testcase name="[NONE][CKV2_AWS_56] Ensure AWS Managed IAMFullAccess IAM policy is not used." classname="/rds/main.tf.aws_iam_role_policy_attachment.aws_backup" file="/rds/main.tf"/>
		<testcase name="[NONE][CKV2_AWS_56] Ensure AWS Managed IAMFullAccess IAM policy is not used." classname="/vpc/main.tf.aws_iam_role.vpc_flow_logs" file="/vpc/main.tf"/>
		<testcase name="[NONE][CKV2_AWS_8] Ensure that RDS clusters has backup plan of AWS Backup" classname="/rds/main.tf.aws_rds_cluster.main" file="/rds/main.tf"/>
		<testcase name="[NONE][CKV2_AWS_44] Ensure AWS route table with VPC peering does not contain routes overly permissive to all traffic" classname="/vpc/main.tf.aws_route_table.public" file="/vpc/main.tf"/>
		<testcase name="[NONE][CKV2_AWS_44] Ensure AWS route table with VPC peering does not contain routes overly permissive to all traffic" classname="/vpc/main.tf.aws_route_table.private_app" file="/vpc/main.tf"/>
		<testcase name="[NONE][CKV2_AWS_44] Ensure AWS route table with VPC peering does not contain routes overly permissive to all traffic" classname="/vpc/main.tf.aws_route_table.private_db" file="/vpc/main.tf"/>
		<testcase name="[NONE][CKV2_AWS_40] Ensure AWS IAM policy does not allow full IAM privileges" classname="/rds/main.tf.aws_iam_role_policy.rds_proxy" file="/rds/main.tf"/>
		<testcase name="[NONE][CKV2_AWS_40] Ensure AWS IAM policy does not allow full IAM privileges" classname="/vpc/main.tf.aws_iam_role_policy.vpc_flow_logs" file="/vpc/main.tf"/>
		<testcase name="[NONE][CKV2_AWS_50] Ensure AWS ElastiCache Redis cluster with Multi-AZ Automatic Failover feature set to enabled" classname="/elasticache/main.tf.aws_elasticache_replication_group.main" file="/elasticache/main.tf"/>
		<testcase name="[NONE][CKV2_AWS_51] Ensure AWS API Gateway endpoints uses client certificate authentication" classname="/api-gateway/main.tf.aws_apigatewayv2_stage.default" file="/api-gateway/main.tf"/>
		<testcase name="[NONE][CKV2_AWS_64] Ensure KMS key Policy is defined" classname="/security/main.tf.aws_kms_key.main" file="/security/main.tf"/>
		<testcase name="[NONE][CKV2_AWS_35] AWS NAT Gateways should be utilized for the default route" classname="/vpc/main.tf.aws_route_table.public" file="/vpc/main.tf"/>
		<testcase name="[NONE][CKV2_AWS_35] AWS NAT Gateways should be utilized for the default route" classname="/vpc/main.tf.aws_route_table.private_app" file="/vpc/main.tf"/>
		<testcase name="[NONE][CKV2_AWS_35] AWS NAT Gateways should be utilized for the default route" classname="/vpc/main.tf.aws_route_table.private_db" file="/vpc/main.tf"/>
		<testcase name="[NONE][CKV2_AWS_57] Ensure Secrets Manager secrets should have automatic rotation enabled" classname="/security/main.tf.aws_secretsmanager_secret.rds_credentials" file="/security/main.tf"/>
		<testcase name="[NONE][CKV2_AWS_77] Ensure AWS API Gateway Rest API attached WAFv2 WebACL is configured with AMR for Log4j Vulnerability" classname="/api-gateway/main.tf.aws_apigatewayv2_api.main" file="/api-gateway/main.tf"/>
		<testcase name="[NONE][CKV2_AWS_11] Ensure VPC flow logging is enabled in all VPCs" classname="/vpc/main.tf.aws_vpc.main" file="/vpc/main.tf"/>
		<testcase name="[NONE][CKV2_AWS_5] Ensure that Security Groups are attached to another resource" classname="/vpc/main.tf.aws_security_group.vpc_endpoints" file="/vpc/main.tf"/>
		<testcase name="[NONE][CKV2_AWS_27] Ensure Postgres RDS as aws_rds_cluster has Query Logging enabled" classname="/rds/main.tf.aws_rds_cluster.main" file="/rds/main.tf"/>
		<testcase name="[NONE][CKV2_AWS_12] Ensure the default security group of every VPC restricts all traffic" classname="/vpc/main.tf.aws_vpc.main" file="/vpc/main.tf"/>
		<testcase name="[NONE][CKV_AWS_309] Ensure API GatewayV2 routes specify an authorization type" classname="/api-gateway/main.tf.aws_apigatewayv2_route.default" file="/api-gateway/main.tf">
			<failure type="failure" message="Ensure API GatewayV2 routes specify an authorization type">
Resource: aws_apigatewayv2_route.default
File: /api-gateway/main.tf: 56-60
Guideline: https://docs.prismacloud.io/en/enterprise-edition/policy-reference/aws-policies/aws-iam-policies/bc-aws-309

		56 | resource &quot;aws_apigatewayv2_route&quot; &quot;default&quot; {
		57 |   api_id    = aws_apigatewayv2_api.main.id
		58 |   route_key = &quot;ANY /{proxy+}&quot;
		59 |   target    = &quot;integrations/${aws_apigatewayv2_integration.alb.id}&quot;
		60 | }
</failure>
		</testcase>
		<testcase name="[NONE][CKV_AWS_158] Ensure that CloudWatch Log Group is encrypted by KMS" classname="/api-gateway/main.tf.aws_cloudwatch_log_group.api_gw" file="/api-gateway/main.tf">
			<failure type="failure" message="Ensure that CloudWatch Log Group is encrypted by KMS">
Resource: aws_cloudwatch_log_group.api_gw
File: /api-gateway/main.tf: 75-78
Guideline: https://docs.prismacloud.io/en/enterprise-edition/policy-reference/aws-policies/aws-general-policies/ensure-that-cloudwatch-log-group-is-encrypted-by-kms

		75 | resource &quot;aws_cloudwatch_log_group&quot; &quot;api_gw&quot; {
		76 |   name              = &quot;/aws/apigateway/${local.name_prefix}&quot;
		77 |   retention_in_days = 7
		78 | }</failure>
		</testcase>
		<testcase name="[NONE][CKV_AWS_338] Ensure CloudWatch log groups retains logs for at least 1 year" classname="/api-gateway/main.tf.aws_cloudwatch_log_group.api_gw" file="/api-gateway/main.tf">
			<failure type="failure" message="Ensure CloudWatch log groups retains logs for at least 1 year">
Resource: aws_cloudwatch_log_group.api_gw
File: /api-gateway/main.tf: 75-78
Guideline: https://docs.prismacloud.io/en/enterprise-edition/policy-reference/aws-policies/aws-logging-policies/bc-aws-338

		75 | resource &quot;aws_cloudwatch_log_group&quot; &quot;api_gw&quot; {
		76 |   name              = &quot;/aws/apigateway/${local.name_prefix}&quot;
		77 |   retention_in_days = 7
		78 | }</failure>
		</testcase>
		<testcase name="[NONE][CKV_AWS_51] Ensure ECR Image Tags are immutable" classname="/ecr/main.tf.aws_ecr_repository.api" file="/ecr/main.tf">
			<failure type="failure" message="Ensure ECR Image Tags are immutable">
Resource: aws_ecr_repository.api
File: /ecr/main.tf: 28-37
Guideline: https://docs.prismacloud.io/en/enterprise-edition/policy-reference/aws-policies/aws-general-policies/bc-aws-general-24

		28 | resource &quot;aws_ecr_repository&quot; &quot;api&quot; {
		29 |   name                 = &quot;${local.name_prefix}/api&quot;
		30 |   image_tag_mutability = &quot;MUTABLE&quot;
		31 | 
		32 |   image_scanning_configuration {
		33 |     scan_on_push = true
		34 |   }
		35 | 
		36 |   tags = { Name = &quot;${local.name_prefix}-api&quot; }
		37 | }
</failure>
		</testcase>
		<testcase name="[NONE][CKV_AWS_136] Ensure that ECR repositories are encrypted using KMS" classname="/ecr/main.tf.aws_ecr_repository.api" file="/ecr/main.tf">
			<failure type="failure" message="Ensure that ECR repositories are encrypted using KMS">
Resource: aws_ecr_repository.api
File: /ecr/main.tf: 28-37
Guideline: https://docs.prismacloud.io/en/enterprise-edition/policy-reference/aws-policies/aws-general-policies/ensure-that-ecr-repositories-are-encrypted

		28 | resource &quot;aws_ecr_repository&quot; &quot;api&quot; {
		29 |   name                 = &quot;${local.name_prefix}/api&quot;
		30 |   image_tag_mutability = &quot;MUTABLE&quot;
		31 | 
		32 |   image_scanning_configuration {
		33 |     scan_on_push = true
		34 |   }
		35 | 
		36 |   tags = { Name = &quot;${local.name_prefix}-api&quot; }
		37 | }
</failure>
		</testcase>
		<testcase name="[NONE][CKV_AWS_51] Ensure ECR Image Tags are immutable" classname="/ecr/main.tf.aws_ecr_repository.web" file="/ecr/main.tf">
			<failure type="failure" message="Ensure ECR Image Tags are immutable">
Resource: aws_ecr_repository.web
File: /ecr/main.tf: 39-48
Guideline: https://docs.prismacloud.io/en/enterprise-edition/policy-reference/aws-policies/aws-general-policies/bc-aws-general-24

		39 | resource &quot;aws_ecr_repository&quot; &quot;web&quot; {
		40 |   name                 = &quot;${local.name_prefix}/web&quot;
		41 |   image_tag_mutability = &quot;MUTABLE&quot;
		42 | 
		43 |   image_scanning_configuration {
		44 |     scan_on_push = true
		45 |   }
		46 | 
		47 |   tags = { Name = &quot;${local.name_prefix}-web&quot; }
		48 | }
</failure>
		</testcase>
		<testcase name="[NONE][CKV_AWS_136] Ensure that ECR repositories are encrypted using KMS" classname="/ecr/main.tf.aws_ecr_repository.web" file="/ecr/main.tf">
			<failure type="failure" message="Ensure that ECR repositories are encrypted using KMS">
Resource: aws_ecr_repository.web
File: /ecr/main.tf: 39-48
Guideline: https://docs.prismacloud.io/en/enterprise-edition/policy-reference/aws-policies/aws-general-policies/ensure-that-ecr-repositories-are-encrypted

		39 | resource &quot;aws_ecr_repository&quot; &quot;web&quot; {
		40 |   name                 = &quot;${local.name_prefix}/web&quot;
		41 |   image_tag_mutability = &quot;MUTABLE&quot;
		42 | 
		43 |   image_scanning_configuration {
		44 |     scan_on_push = true
		45 |   }
		46 | 
		47 |   tags = { Name = &quot;${local.name_prefix}-web&quot; }
		48 | }
</failure>
		</testcase>
		<testcase name="[NONE][CKV_AWS_158] Ensure that CloudWatch Log Group is encrypted by KMS" classname="/ecs-fargate/main.tf.aws_cloudwatch_log_group.api" file="/ecs-fargate/main.tf">
			<failure type="failure" message="Ensure that CloudWatch Log Group is encrypted by KMS">
Resource: aws_cloudwatch_log_group.api
File: /ecs-fargate/main.tf: 46-49
Guideline: https://docs.prismacloud.io/en/enterprise-edition/policy-reference/aws-policies/aws-general-policies/ensure-that-cloudwatch-log-group-is-encrypted-by-kms

		46 | resource &quot;aws_cloudwatch_log_group&quot; &quot;api&quot; {
		47 |   name              = &quot;/ecs/${local.name_prefix}/api&quot;
		48 |   retention_in_days = 7
		49 | }
</failure>
		</testcase>
		<testcase name="[NONE][CKV_AWS_338] Ensure CloudWatch log groups retains logs for at least 1 year" classname="/ecs-fargate/main.tf.aws_cloudwatch_log_group.api" file="/ecs-fargate/main.tf">
			<failure type="failure" message="Ensure CloudWatch log groups retains logs for at least 1 year">
Resource: aws_cloudwatch_log_group.api
File: /ecs-fargate/main.tf: 46-49
Guideline: https://docs.prismacloud.io/en/enterprise-edition/policy-reference/aws-policies/aws-logging-policies/bc-aws-338

		46 | resource &quot;aws_cloudwatch_log_group&quot; &quot;api&quot; {
		47 |   name              = &quot;/ecs/${local.name_prefix}/api&quot;
		48 |   retention_in_days = 7
		49 | }
</failure>
		</testcase>
		<testcase name="[NONE][CKV_AWS_158] Ensure that CloudWatch Log Group is encrypted by KMS" classname="/ecs-fargate/main.tf.aws_cloudwatch_log_group.web" file="/ecs-fargate/main.tf">
			<failure type="failure" message="Ensure that CloudWatch Log Group is encrypted by KMS">
Resource: aws_cloudwatch_log_group.web
File: /ecs-fargate/main.tf: 51-54
Guideline: https://docs.prismacloud.io/en/enterprise-edition/policy-reference/aws-policies/aws-general-policies/ensure-that-cloudwatch-log-group-is-encrypted-by-kms

		51 | resource &quot;aws_cloudwatch_log_group&quot; &quot;web&quot; {
		52 |   name              = &quot;/ecs/${local.name_prefix}/web&quot;
		53 |   retention_in_days = 7
		54 | }
</failure>
		</testcase>
		<testcase name="[NONE][CKV_AWS_338] Ensure CloudWatch log groups retains logs for at least 1 year" classname="/ecs-fargate/main.tf.aws_cloudwatch_log_group.web" file="/ecs-fargate/main.tf">
			<failure type="failure" message="Ensure CloudWatch log groups retains logs for at least 1 year">
Resource: aws_cloudwatch_log_group.web
File: /ecs-fargate/main.tf: 51-54
Guideline: https://docs.prismacloud.io/en/enterprise-edition/policy-reference/aws-policies/aws-logging-policies/bc-aws-338

		51 | resource &quot;aws_cloudwatch_log_group&quot; &quot;web&quot; {
		52 |   name              = &quot;/ecs/${local.name_prefix}/web&quot;
		53 |   retention_in_days = 7
		54 | }
</failure>
		</testcase>
		<testcase name="[NONE][CKV_AWS_336] Ensure ECS containers are limited to read-only access to root filesystems" classname="/ecs-fargate/main.tf.aws_ecs_task_definition.api" file="/ecs-fargate/main.tf">
			<failure type="failure" message="Ensure ECS containers are limited to read-only access to root filesystems">
Resource: aws_ecs_task_definition.api
File: /ecs-fargate/main.tf: 65-94
Guideline: https://docs.prismacloud.io/en/enterprise-edition/policy-reference/aws-policies/aws-general-policies/bc-aws-336

		65 | resource &quot;aws_ecs_task_definition&quot; &quot;api&quot; {
		66 |   family                   = &quot;${local.name_prefix}-api&quot;
		67 |   network_mode             = &quot;awsvpc&quot;
		68 |   requires_compatibilities = [&quot;FARGATE&quot;]
		69 |   cpu                      = var.api_cpu
		70 |   memory                   = var.api_memory
		71 |   execution_role_arn       = aws_iam_role.ecs_execution.arn
		72 | 
		73 |   container_definitions = jsonencode([{
		74 |     name      = &quot;api&quot;
		75 |     image     = var.api_image_uri
		76 |     essential = true
		77 |     portMappings = [{
		78 |       containerPort = 3000
		79 |       protocol      = &quot;tcp&quot;
		80 |     }]
		81 |     logConfiguration = {
		82 |       logDriver = &quot;awslogs&quot;
		83 |       options = {
		84 |         &quot;awslogs-group&quot;         = aws_cloudwatch_log_group.api.name
		85 |         &quot;awslogs-region&quot;        = var.aws_region
		86 |         &quot;awslogs-stream-prefix&quot; = &quot;api&quot;
		87 |       }
		88 |     }
		89 |     environment = [
		90 |       { name = &quot;NODE_ENV&quot;, value = var.environment },
		91 |       { name = &quot;PORT&quot;, value = &quot;3000&quot; }
		92 |     ]
		93 |   }])
		94 | }
</failure>
		</testcase>
		<testcase name="[NONE][CKV_AWS_336] Ensure ECS containers are limited to read-only access to root filesystems" classname="/ecs-fargate/main.tf.aws_ecs_task_definition.web" file="/ecs-fargate/main.tf">
			<failure type="failure" message="Ensure ECS containers are limited to read-only access to root filesystems">
Resource: aws_ecs_task_definition.web
File: /ecs-fargate/main.tf: 96-125
Guideline: https://docs.prismacloud.io/en/enterprise-edition/policy-reference/aws-policies/aws-general-policies/bc-aws-336

		96  | resource &quot;aws_ecs_task_definition&quot; &quot;web&quot; {
		97  |   family                   = &quot;${local.name_prefix}-web&quot;
		98  |   network_mode             = &quot;awsvpc&quot;
		99  |   requires_compatibilities = [&quot;FARGATE&quot;]
		100 |   cpu                      = var.web_cpu
		101 |   memory                   = var.web_memory
		102 |   execution_role_arn       = aws_iam_role.ecs_execution.arn
		103 | 
		104 |   container_definitions = jsonencode([{
		105 |     name      = &quot;web&quot;
		106 |     image     = var.web_image_uri
		107 |     essential = true
		108 |     portMappings = [{
		109 |       containerPort = 3001
		110 |       protocol      = &quot;tcp&quot;
		111 |     }]
		112 |     logConfiguration = {
		113 |       logDriver = &quot;awslogs&quot;
		114 |       options = {
		115 |         &quot;awslogs-group&quot;         = aws_cloudwatch_log_group.web.name
		116 |         &quot;awslogs-region&quot;        = var.aws_region
		117 |         &quot;awslogs-stream-prefix&quot; = &quot;web&quot;
		118 |       }
		119 |     }
		120 |     environment = [
		121 |       { name = &quot;NODE_ENV&quot;, value = var.environment },
		122 |       { name = &quot;PORT&quot;, value = &quot;3001&quot; }
		123 |     ]
		124 |   }])
		125 | }
</failure>
		</testcase>
		<testcase name="[NONE][CKV_AWS_26] Ensure all data stored in the SNS topic is encrypted" classname="/monitoring/main.tf.aws_sns_topic.alerts" file="/monitoring/main.tf">
			<failure type="failure" message="Ensure all data stored in the SNS topic is encrypted">
Resource: aws_sns_topic.alerts
File: /monitoring/main.tf: 34-36
Guideline: https://docs.prismacloud.io/en/enterprise-edition/policy-reference/aws-policies/aws-general-policies/general-15

		34 | resource &quot;aws_sns_topic&quot; &quot;alerts&quot; {
		35 |   name = &quot;${local.name_prefix}-alerts&quot;
		36 | }
</failure>
		</testcase>
		<testcase name="[NONE][CKV_AWS_260] Ensure no security groups allow ingress from 0.0.0.0:0 to port 80" classname="/security/main.tf.aws_security_group.alb" file="/security/main.tf">
			<failure type="failure" message="Ensure no security groups allow ingress from 0.0.0.0:0 to port 80">
Resource: aws_security_group.alb
File: /security/main.tf: 126-159
Guideline: https://docs.prismacloud.io/en/enterprise-edition/policy-reference/aws-policies/aws-networking-policies/ensure-aws-security-groups-do-not-allow-ingress-from-00000-to-port-80

		126 | resource &quot;aws_security_group&quot; &quot;alb&quot; {
		127 |   #checkov:skip=CKV2_AWS_5:SG adjunto al ALB definido en el modulo alb
		128 |   name        = &quot;${local.name_prefix}-sg-alb&quot;
		129 |   description = &quot;SG del Application Load Balancer — permite HTTPS desde internet&quot;
		130 |   vpc_id      = var.vpc_id
		131 | 
		132 |   ingress {
		133 |     description = &quot;HTTPS desde internet&quot;
		134 |     from_port   = 443
		135 |     to_port     = 443
		136 |     protocol    = &quot;tcp&quot;
		137 |     cidr_blocks = [&quot;0.0.0.0/0&quot;]
		138 |   }
		139 | 
		140 |   ingress {
		141 |     description = &quot;HTTP desde internet (redirect a HTTPS)&quot;
		142 |     from_port   = 80
		143 |     to_port     = 80
		144 |     protocol    = &quot;tcp&quot;
		145 |     cidr_blocks = [&quot;0.0.0.0/0&quot;]
		146 |   }
		147 | 
		148 |   egress {
		149 |     description = &quot;Hacia microservicios en subredes de app&quot;
		150 |     from_port   = 0
		151 |     to_port     = 0
		152 |     protocol    = &quot;-1&quot;
		153 |     cidr_blocks = [var.vpc_cidr]
		154 |   }
		155 | 
		156 |   tags = {
		157 |     Name = &quot;${local.name_prefix}-sg-alb&quot;
		158 |   }
		159 | }
</failure>
		</testcase>
		<testcase name="[NONE][CKV_AWS_158] Ensure that CloudWatch Log Group is encrypted by KMS" classname="/vpc/main.tf.aws_cloudwatch_log_group.vpc_flow_logs" file="/vpc/main.tf">
			<failure type="failure" message="Ensure that CloudWatch Log Group is encrypted by KMS">
Resource: aws_cloudwatch_log_group.vpc_flow_logs
File: /vpc/main.tf: 266-273
Guideline: https://docs.prismacloud.io/en/enterprise-edition/policy-reference/aws-policies/aws-general-policies/ensure-that-cloudwatch-log-group-is-encrypted-by-kms

		266 | resource &quot;aws_cloudwatch_log_group&quot; &quot;vpc_flow_logs&quot; {
		267 |   name              = &quot;/aws/vpc/flowlogs/${local.name_prefix}&quot;
		268 |   retention_in_days = 30
		269 | 
		270 |   tags = {
		271 |     Name = &quot;${local.name_prefix}-vpc-flow-logs&quot;
		272 |   }
		273 | }
</failure>
		</testcase>
		<testcase name="[NONE][CKV_AWS_338] Ensure CloudWatch log groups retains logs for at least 1 year" classname="/vpc/main.tf.aws_cloudwatch_log_group.vpc_flow_logs" file="/vpc/main.tf">
			<failure type="failure" message="Ensure CloudWatch log groups retains logs for at least 1 year">
Resource: aws_cloudwatch_log_group.vpc_flow_logs
File: /vpc/main.tf: 266-273
Guideline: https://docs.prismacloud.io/en/enterprise-edition/policy-reference/aws-policies/aws-logging-policies/bc-aws-338

		266 | resource &quot;aws_cloudwatch_log_group&quot; &quot;vpc_flow_logs&quot; {
		267 |   name              = &quot;/aws/vpc/flowlogs/${local.name_prefix}&quot;
		268 |   retention_in_days = 30
		269 | 
		270 |   tags = {
		271 |     Name = &quot;${local.name_prefix}-vpc-flow-logs&quot;
		272 |   }
		273 | }
</failure>
		</testcase>
		<testcase name="[NONE][CKV2_AWS_5] Ensure that Security Groups are attached to another resource" classname="/security/main.tf.aws_security_group.alb" file="/security/main.tf">
			<skipped type="skipped" message="SG adjunto al ALB definido en el modulo alb"/>
		</testcase>
		<testcase name="[NONE][CKV2_AWS_5] Ensure that Security Groups are attached to another resource" classname="/security/main.tf.aws_security_group.ecs" file="/security/main.tf">
			<skipped type="skipped" message="SG adjunto a las ECS tasks definidas en el modulo ecs"/>
		</testcase>
		<testcase name="[NONE][CKV2_AWS_5] Ensure that Security Groups are attached to another resource" classname="/security/main.tf.aws_security_group.rds" file="/security/main.tf">
			<skipped type="skipped" message="SG adjunto al cluster Aurora definido en el modulo rds"/>
		</testcase>
		<testcase name="[NONE][CKV2_AWS_5] Ensure that Security Groups are attached to another resource" classname="/security/main.tf.aws_security_group.elasticache" file="/security/main.tf">
			<skipped type="skipped" message="SG adjunto al cluster Redis definido en el modulo elasticache"/>
		</testcase>
	</testsuite>
</testsuites>
