<?xml version="1.0" ?>
<testsuites disabled="0" errors="0" failures="20" tests="138" time="0.0">
	<testsuite disabled="0" errors="0" failures="20" name="terraform scan" skipped="0" tests="138" time="0">
		<properties>
			<property name="directory" value="['/tf']"/>
			<property name="add_check" value="False"/>
			<property name="list" value="False"/>
			<property name="output" value="['junitxml']"/>
			<property name="output_file_path" value="results.xml"/>
			<property name="output_bc_ids" value="False"/>
			<property name="include_all_checkov_policies" value="True"/>
			<property name="quiet" value="False"/>
			<property name="compact" value="False"/>
			<property name="framework" value="['all']"/>
			<property name="skip_framework" value="[]"/>
			<property name="run_all_external_checks" value="False"/>
			<property name="soft_fail" value="False"/>
			<property name="skip_results_upload" value="False"/>
			<property name="repo_id" value="cli_repo/tf"/>
			<property name="branch" value="master"/>
			<property name="skip_download" value="False"/>
			<property name="use_enforcement_rules" value="False"/>
			<property name="external_modules_download_path" value=".external_modules"/>
			<property name="evaluate_variables" value="True"/>
			<property name="no_cert_verify" value="False"/>
			<property name="create_baseline" value="False"/>
			<property name="output_baseline_as_skipped" value="False"/>
			<property name="secrets_scan_file_type" value="[]"/>
			<property name="enable_secret_scan_all_files" value="False"/>
			<property name="block_list_secret_scan" value="[]"/>
			<property name="summary_position" value="top"/>
			<property name="skip_resources_without_violations" value="False"/>
			<property name="deep_analysis" value="False"/>
			<property name="no_fail_on_crash" value="False"/>
			<property name="mask" value="defaultdict(&lt;class 'set'&gt;, {})"/>
			<property name="scan_secrets_history" value="False"/>
			<property name="secrets_history_timeout" value="12h"/>
			<property name="custom_tool_name" value="Checkov"/>
		</properties>
		<testcase name="[NONE][CKV_AWS_41] Ensure no hard coded AWS access key and secret key exists in provider" classname="/elasticache/main.tf.aws.default" file="/elasticache/main.tf"/>
		<testcase name="[NONE][CKV_AWS_30] Ensure all data stored in the ElastiCache Replication Group is securely encrypted at transit" classname="/elasticache/main.tf.aws_elasticache_replication_group.main" file="/elasticache/main.tf"/>
		<testcase name="[NONE][CKV_AWS_29] Ensure all data stored in the ElastiCache Replication Group is securely encrypted at rest" classname="/elasticache/main.tf.aws_elasticache_replication_group.main" file="/elasticache/main.tf"/>
		<testcase name="[NONE][CKV_AWS_191] Ensure ElastiCache replication group is encrypted by KMS using a customer managed Key (CMK)" classname="/elasticache/main.tf.aws_elasticache_replication_group.main" file="/elasticache/main.tf"/>
		<testcase name="[NONE][CKV_AWS_41] Ensure no hard coded AWS access key and secret key exists in provider" classname="/messaging/main.tf.aws.default" file="/messaging/main.tf"/>
		<testcase name="[NONE][CKV_AWS_26] Ensure all data stored in the SNS topic is encrypted" classname="/messaging/main.tf.aws_sns_topic.reservas" file="/messaging/main.tf"/>
		<testcase name="[NONE][CKV_AWS_26] Ensure all data stored in the SNS topic is encrypted" classname="/messaging/main.tf.aws_sns_topic.pagos" file="/messaging/main.tf"/>
		<testcase name="[NONE][CKV_AWS_26] Ensure all data stored in the SNS topic is encrypted" classname="/messaging/main.tf.aws_sns_topic.auditoria" file="/messaging/main.tf"/>
		<testcase name="[NONE][CKV_AWS_168] Ensure SQS queue policy is not public by only allowing specific services or principals to access it" classname="/messaging/main.tf.aws_sqs_queue.reservas_notificaciones_dlq" file="/messaging/main.tf"/>
		<testcase name="[NONE][CKV_AWS_27] Ensure all data stored in the SQS queue is encrypted" classname="/messaging/main.tf.aws_sqs_queue.reservas_notificaciones_dlq" file="/messaging/main.tf"/>
		<testcase name="[NONE][CKV_AWS_168] Ensure SQS queue policy is not public by only allowing specific services or principals to access it" classname="/messaging/main.tf.aws_sqs_queue.pagos_notificaciones_dlq" file="/messaging/main.tf"/>
		<testcase name="[NONE][CKV_AWS_27] Ensure all data stored in the SQS queue is encrypted" classname="/messaging/main.tf.aws_sqs_queue.pagos_notificaciones_dlq" file="/messaging/main.tf"/>
		<testcase name="[NONE][CKV_AWS_168] Ensure SQS queue policy is not public by only allowing specific services or principals to access it" classname="/messaging/main.tf.aws_sqs_queue.reservas_pagos_dlq" file="/messaging/main.tf"/>
		<testcase name="[NONE][CKV_AWS_27] Ensure all data stored in the SQS queue is encrypted" classname="/messaging/main.tf.aws_sqs_queue.reservas_pagos_dlq" file="/messaging/main.tf"/>
		<testcase name="[NONE][CKV_AWS_168] Ensure SQS queue policy is not public by only allowing specific services or principals to access it" classname="/messaging/main.tf.aws_sqs_queue.auditoria_dlq" file="/messaging/main.tf"/>
		<testcase name="[NONE][CKV_AWS_27] Ensure all data stored in the SQS queue is encrypted" classname="/messaging/main.tf.aws_sqs_queue.auditoria_dlq" file="/messaging/main.tf"/>
		<testcase name="[NONE][CKV_AWS_168] Ensure SQS queue policy is not public by only allowing specific services or principals to access it" classname="/messaging/main.tf.aws_sqs_queue.reservas_notificaciones" file="/messaging/main.tf"/>
		<testcase name="[NONE][CKV_AWS_27] Ensure all data stored in the SQS queue is encrypted" classname="/messaging/main.tf.aws_sqs_queue.reservas_notificaciones" file="/messaging/main.tf"/>
		<testcase name="[NONE][CKV_AWS_168] Ensure SQS queue policy is not public by only allowing specific services or principals to access it" classname="/messaging/main.tf.aws_sqs_queue.pagos_notificaciones" file="/messaging/main.tf"/>
		<testcase name="[NONE][CKV_AWS_27] Ensure all data stored in the SQS queue is encrypted" classname="/messaging/main.tf.aws_sqs_queue.pagos_notificaciones" file="/messaging/main.tf"/>
		<testcase name="[NONE][CKV_AWS_168] Ensure SQS queue policy is not public by only allowing specific services or principals to access it" classname="/messaging/main.tf.aws_sqs_queue.reservas_pagos" file="/messaging/main.tf"/>
		<testcase name="[NONE][CKV_AWS_27] Ensure all data stored in the SQS queue is encrypted" classname="/messaging/main.tf.aws_sqs_queue.reservas_pagos" file="/messaging/main.tf"/>
		<testcase name="[NONE][CKV_AWS_168] Ensure SQS queue policy is not public by only allowing specific services or principals to access it" classname="/messaging/main.tf.aws_sqs_queue.auditoria" file="/messaging/main.tf"/>
		<testcase name="[NONE][CKV_AWS_27] Ensure all data stored in the SQS queue is encrypted" classname="/messaging/main.tf.aws_sqs_queue.auditoria" file="/messaging/main.tf"/>
		<testcase name="[NONE][CKV_AWS_387] Ensure SQS policy does not allow public access through wildcards" classname="/messaging/main.tf.aws_sqs_queue_policy.reservas_notificaciones" file="/messaging/main.tf"/>
		<testcase name="[NONE][CKV_AWS_72] Ensure SQS policy does not allow ALL (*) actions." classname="/messaging/main.tf.aws_sqs_queue_policy.reservas_notificaciones" file="/messaging/main.tf"/>
		<testcase name="[NONE][CKV_AWS_168] Ensure SQS queue policy is not public by only allowing specific services or principals to access it" classname="/messaging/main.tf.aws_sqs_queue_policy.reservas_notificaciones" file="/messaging/main.tf"/>
		<testcase name="[NONE][CKV_AWS_387] Ensure SQS policy does not allow public access through wildcards" classname="/messaging/main.tf.aws_sqs_queue_policy.pagos_notificaciones" file="/messaging/main.tf"/>
		<testcase name="[NONE][CKV_AWS_72] Ensure SQS policy does not allow ALL (*) actions." classname="/messaging/main.tf.aws_sqs_queue_policy.pagos_notificaciones" file="/messaging/main.tf"/>
		<testcase name="[NONE][CKV_AWS_168] Ensure SQS queue policy is not public by only allowing specific services or principals to access it" classname="/messaging/main.tf.aws_sqs_queue_policy.pagos_notificaciones" file="/messaging/main.tf"/>
		<testcase name="[NONE][CKV_AWS_387] Ensure SQS policy does not allow public access through wildcards" classname="/messaging/main.tf.aws_sqs_queue_policy.reservas_pagos" file="/messaging/main.tf"/>
		<testcase name="[NONE][CKV_AWS_72] Ensure SQS policy does not allow ALL (*) actions." classname="/messaging/main.tf.aws_sqs_queue_policy.reservas_pagos" file="/messaging/main.tf"/>
		<testcase name="[NONE][CKV_AWS_168] Ensure SQS queue policy is not public by only allowing specific services or principals to access it" classname="/messaging/main.tf.aws_sqs_queue_policy.reservas_pagos" file="/messaging/main.tf"/>
		<testcase name="[NONE][CKV_AWS_387] Ensure SQS policy does not allow public access through wildcards" classname="/messaging/main.tf.aws_sqs_queue_policy.auditoria" file="/messaging/main.tf"/>
		<testcase name="[NONE][CKV_AWS_72] Ensure SQS policy does not allow ALL (*) actions." classname="/messaging/main.tf.aws_sqs_queue_policy.auditoria" file="/messaging/main.tf"/>
		<testcase name="[NONE][CKV_AWS_41] Ensure no hard coded AWS access key and secret key exists in provider" classname="/rds/main.tf.aws.default" file="/rds/main.tf"/>
		<testcase name="[NONE][CKV_AWS_250] Ensure that RDS PostgreSQL instances use a non vulnerable version with the log_fdw extension (https://aws.amazon.com/security/security-bulletins/AWS-2022-004/)" classname="/rds/main.tf.aws_rds_cluster.main" file="/rds/main.tf"/>
		<testcase name="[NONE][CKV_AWS_96] Ensure all data stored in Aurora is securely encrypted at rest" classname="/rds/main.tf.aws_rds_cluster.main" file="/rds/main.tf"/>
		<testcase name="[NONE][CKV_AWS_133] Ensure that RDS instances has backup policy" classname="/rds/main.tf.aws_rds_cluster.main" file="/rds/main.tf"/>
		<testcase name="[NONE][CKV_AWS_327] Ensure RDS Clusters are encrypted using KMS CMKs" classname="/rds/main.tf.aws_rds_cluster.main" file="/rds/main.tf"/>
		<testcase name="[NONE][CKV_AWS_226] Ensure DB instance gets all minor upgrades automatically" classname="/rds/main.tf.aws_rds_cluster_instance.primary" file="/rds/main.tf"/>
		<testcase name="[NONE][CKV_AWS_353] Ensure that RDS instances have performance insights enabled" classname="/rds/main.tf.aws_rds_cluster_instance.primary" file="/rds/main.tf"/>
		<testcase name="[NONE][CKV_AWS_17] Ensure all data stored in RDS is not publicly accessible" classname="/rds/main.tf.aws_rds_cluster_instance.primary" file="/rds/main.tf"/>
		<testcase name="[NONE][CKV_AWS_226] Ensure DB instance gets all minor upgrades automatically" classname="/rds/main.tf.aws_rds_cluster_instance.standby" file="/rds/main.tf"/>
		<testcase name="[NONE][CKV_AWS_353] Ensure that RDS instances have performance insights enabled" classname="/rds/main.tf.aws_rds_cluster_instance.standby" file="/rds/main.tf"/>
		<testcase name="[NONE][CKV_AWS_17] Ensure all data stored in RDS is not publicly accessible" classname="/rds/main.tf.aws_rds_cluster_instance.standby" file="/rds/main.tf"/>
		<testcase name="[NONE][CKV_AWS_61] Ensure AWS IAM policy does not allow assume role permission across all services" classname="/rds/main.tf.aws_iam_role.rds_proxy" file="/rds/main.tf"/>
		<testcase name="[NONE][CKV_AWS_393] Ensure AWS GitHub Actions OIDC authorization policies only allow safe claims and claim order on IAM role" classname="/rds/main.tf.aws_iam_role.rds_proxy" file="/rds/main.tf"/>
		<testcase name="[NONE][CKV_AWS_60] Ensure IAM role allows only specific services or principals to assume it" classname="/rds/main.tf.aws_iam_role.rds_proxy" file="/rds/main.tf"/>
		<testcase name="[NONE][CKV_AWS_274] Disallow IAM roles, users, and groups from using the AWS AdministratorAccess policy" classname="/rds/main.tf.aws_iam_role.rds_proxy" file="/rds/main.tf"/>
		<testcase name="[NONE][CKV_AWS_62] Ensure IAM policies that allow full &quot;*-*&quot; administrative privileges are not created" classname="/rds/main.tf.aws_iam_role_policy.rds_proxy" file="/rds/main.tf"/>
		<testcase name="[NONE][CKV_AWS_290] Ensure IAM policies does not allow write access without constraints" classname="/rds/main.tf.aws_iam_role_policy.rds_proxy" file="/rds/main.tf"/>
		<testcase name="[NONE][CKV_AWS_289] Ensure IAM policies does not allow permissions management / resource exposure without constraints" classname="/rds/main.tf.aws_iam_role_policy.rds_proxy" file="/rds/main.tf"/>
		<testcase name="[NONE][CKV_AWS_355] Ensure no IAM policies documents allow &quot;*&quot; as a statement's resource for restrictable actions" classname="/rds/main.tf.aws_iam_role_policy.rds_proxy" file="/rds/main.tf"/>
		<testcase name="[NONE][CKV_AWS_286] Ensure IAM policies does not allow privilege escalation" classname="/rds/main.tf.aws_iam_role_policy.rds_proxy" file="/rds/main.tf"/>
		<testcase name="[NONE][CKV_AWS_287] Ensure IAM policies does not allow credentials exposure" classname="/rds/main.tf.aws_iam_role_policy.rds_proxy" file="/rds/main.tf"/>
		<testcase name="[NONE][CKV_AWS_63] Ensure no IAM policies documents allow &quot;*&quot; as a statement's actions" classname="/rds/main.tf.aws_iam_role_policy.rds_proxy" file="/rds/main.tf"/>
		<testcase name="[NONE][CKV_AWS_288] Ensure IAM policies does not allow data exfiltration" classname="/rds/main.tf.aws_iam_role_policy.rds_proxy" file="/rds/main.tf"/>
		<testcase name="[NONE][CKV_AWS_166] Ensure Backup Vault is encrypted at rest using KMS CMK" classname="/rds/main.tf.aws_backup_vault.main" file="/rds/main.tf"/>
		<testcase name="[NONE][CKV_AWS_61] Ensure AWS IAM policy does not allow assume role permission across all services" classname="/rds/main.tf.aws_iam_role.aws_backup" file="/rds/main.tf"/>
		<testcase name="[NONE][CKV_AWS_393] Ensure AWS GitHub Actions OIDC authorization policies only allow safe claims and claim order on IAM role" classname="/rds/main.tf.aws_iam_role.aws_backup" file="/rds/main.tf"/>
		<testcase name="[NONE][CKV_AWS_60] Ensure IAM role allows only specific services or principals to assume it" classname="/rds/main.tf.aws_iam_role.aws_backup" file="/rds/main.tf"/>
		<testcase name="[NONE][CKV_AWS_274] Disallow IAM roles, users, and groups from using the AWS AdministratorAccess policy" classname="/rds/main.tf.aws_iam_role.aws_backup" file="/rds/main.tf"/>
		<testcase name="[NONE][CKV_AWS_274] Disallow IAM roles, users, and groups from using the AWS AdministratorAccess policy" classname="/rds/main.tf.aws_iam_role_policy_attachment.aws_backup" file="/rds/main.tf"/>
		<testcase name="[NONE][CKV_AWS_41] Ensure no hard coded AWS access key and secret key exists in provider" classname="/security/main.tf.aws.default" file="/security/main.tf"/>
		<testcase name="[NONE][CKV_AWS_7] Ensure rotation for customer created CMKs is enabled" classname="/security/main.tf.aws_kms_key.main" file="/security/main.tf"/>
		<testcase name="[NONE][CKV_AWS_33] Ensure KMS key policy does not contain wildcard (*) principal" classname="/security/main.tf.aws_kms_key.main" file="/security/main.tf"/>
		<testcase name="[NONE][CKV_AWS_227] Ensure KMS key is enabled" classname="/security/main.tf.aws_kms_key.main" file="/security/main.tf"/>
		<testcase name="[NONE][CKV_AWS_149] Ensure that Secrets Manager secret is encrypted using KMS CMK" classname="/security/main.tf.aws_secretsmanager_secret.rds_credentials" file="/security/main.tf"/>
		<testcase name="[NONE][CKV_AWS_25] Ensure no security groups allow ingress from 0.0.0.0:0 to port 3389" classname="/security/main.tf.aws_security_group.alb" file="/security/main.tf"/>
		<testcase name="[NONE][CKV_AWS_277] Ensure no security groups allow ingress from 0.0.0.0:0 to port -1" classname="/security/main.tf.aws_security_group.alb" file="/security/main.tf"/>
		<testcase name="[NONE][CKV_AWS_24] Ensure no security groups allow ingress from 0.0.0.0:0 to port 22" classname="/security/main.tf.aws_security_group.alb" file="/security/main.tf"/>
		<testcase name="[NONE][CKV_AWS_23] Ensure every security group and rule has a description" classname="/security/main.tf.aws_security_group.alb" file="/security/main.tf"/>
		<testcase name="[NONE][CKV_AWS_382] Ensure no security groups allow egress from 0.0.0.0:0 to port -1" classname="/security/main.tf.aws_security_group.alb" file="/security/main.tf"/>
		<testcase name="[NONE][CKV_AWS_260] Ensure no security groups allow ingress from 0.0.0.0:0 to port 80" classname="/security/main.tf.aws_security_group.ecs" file="/security/main.tf"/>
		<testcase name="[NONE][CKV_AWS_25] Ensure no security groups allow ingress from 0.0.0.0:0 to port 3389" classname="/security/main.tf.aws_security_group.ecs" file="/security/main.tf"/>
		<testcase name="[NONE][CKV_AWS_277] Ensure no security groups allow ingress from 0.0.0.0:0 to port -1" classname="/security/main.tf.aws_security_group.ecs" file="/security/main.tf"/>
		<testcase name="[NONE][CKV_AWS_24] Ensure no security groups allow ingress from 0.0.0.0:0 to port 22" classname="/security/main.tf.aws_security_group.ecs" file="/security/main.tf"/>
		<testcase name="[NONE][CKV_AWS_23] Ensure every security group and rule has a description" classname="/security/main.tf.aws_security_group.ecs" file="/security/main.tf"/>
		<testcase name="[NONE][CKV_AWS_382] Ensure no security groups allow egress from 0.0.0.0:0 to port -1" classname="/security/main.tf.aws_security_group.ecs" file="/security/main.tf"/>
		<testcase name="[NONE][CKV_AWS_260] Ensure no security groups allow ingress from 0.0.0.0:0 to port 80" classname="/security/main.tf.aws_security_group.rds" file="/security/main.tf"/>
		<testcase name="[NONE][CKV_AWS_25] Ensure no security groups allow ingress from 0.0.0.0:0 to port 3389" classname="/security/main.tf.aws_security_group.rds" file="/security/main.tf"/>
		<testcase name="[NONE][CKV_AWS_277] Ensure no security groups allow ingress from 0.0.0.0:0 to port -1" classname="/security/main.tf.aws_security_group.rds" file="/security/main.tf"/>
		<testcase name="[NONE][CKV_AWS_24] Ensure no security groups allow ingress from 0.0.0.0:0 to port 22" classname="/security/main.tf.aws_security_group.rds" file="/security/main.tf"/>
		<testcase name="[NONE][CKV_AWS_23] Ensure every security group and rule has a description" classname="/security/main.tf.aws_security_group.rds" file="/security/main.tf"/>
		<testcase name="[NONE][CKV_AWS_382] Ensure no security groups allow egress from 0.0.0.0:0 to port -1" classname="/security/main.tf.aws_security_group.rds" file="/security/main.tf"/>
		<testcase name="[NONE][CKV_AWS_260] Ensure no security groups allow ingress from 0.0.0.0:0 to port 80" classname="/security/main.tf.aws_security_group.elasticache" file="/security/main.tf"/>
		<testcase name="[NONE][CKV_AWS_25] Ensure no security groups allow ingress from 0.0.0.0:0 to port 3389" classname="/security/main.tf.aws_security_group.elasticache" file="/security/main.tf"/>
		<testcase name="[NONE][CKV_AWS_277] Ensure no security groups allow ingress from 0.0.0.0:0 to port -1" classname="/security/main.tf.aws_security_group.elasticache" file="/security/main.tf"/>
		<testcase name="[NONE][CKV_AWS_24] Ensure no security groups allow ingress from 0.0.0.0:0 to port 22" classname="/security/main.tf.aws_security_group.elasticache" file="/security/main.tf"/>
		<testcase name="[NONE][CKV_AWS_23] Ensure every security group and rule has a description" classname="/security/main.tf.aws_security_group.elasticache" file="/security/main.tf"/>
		<testcase name="[NONE][CKV_AWS_382] Ensure no security groups allow egress from 0.0.0.0:0 to port -1" classname="/security/main.tf.aws_security_group.elasticache" file="/security/main.tf"/>
		<testcase name="[NONE][CKV_AWS_41] Ensure no hard coded AWS access key and secret key exists in provider" classname="/vpc/main.tf.aws.default" file="/vpc/main.tf"/>
		<testcase name="[NONE][CKV_AWS_130] Ensure VPC subnets do not assign public IP by default" classname="/vpc/main.tf.aws_subnet.private_app[0]" file="/vpc/main.tf"/>
		<testcase name="[NONE][CKV_AWS_130] Ensure VPC subnets do not assign public IP by default" classname="/vpc/main.tf.aws_subnet.private_db[0]" file="/vpc/main.tf"/>
		<testcase name="[NONE][CKV_AWS_260] Ensure no security groups allow ingress from 0.0.0.0:0 to port 80" classname="/vpc/main.tf.aws_security_group.vpc_endpoints" file="/vpc/main.tf"/>
		<testcase name="[NONE][CKV_AWS_25] Ensure no security groups allow ingress from 0.0.0.0:0 to port 3389" classname="/vpc/main.tf.aws_security_group.vpc_endpoints" file="/vpc/main.tf"/>
		<testcase name="[NONE][CKV_AWS_277] Ensure no security groups allow ingress from 0.0.0.0:0 to port -1" classname="/vpc/main.tf.aws_security_group.vpc_endpoints" file="/vpc/main.tf"/>
		<testcase name="[NONE][CKV_AWS_24] Ensure no security groups allow ingress from 0.0.0.0:0 to port 22" classname="/vpc/main.tf.aws_security_group.vpc_endpoints" file="/vpc/main.tf"/>
		<testcase name="[NONE][CKV_AWS_23] Ensure every security group and rule has a description" classname="/vpc/main.tf.aws_security_group.vpc_endpoints" file="/vpc/main.tf"/>
		<testcase name="[NONE][CKV_AWS_382] Ensure no security groups allow egress from 0.0.0.0:0 to port -1" classname="/vpc/main.tf.aws_security_group.vpc_endpoints" file="/vpc/main.tf"/>
		<testcase name="[NONE][CKV_AWS_130] Ensure VPC subnets do not assign public IP by default" classname="/vpc/main.tf.aws_subnet.private_app[1]" file="/vpc/main.tf"/>
		<testcase name="[NONE][CKV_AWS_130] Ensure VPC subnets do not assign public IP by default" classname="/vpc/main.tf.aws_subnet.private_db[1]" file="/vpc/main.tf"/>
		<testcase name="[NONE][CKV2_AWS_56] Ensure AWS Managed IAMFullAccess IAM policy is not used." classname="/rds/main.tf.aws_iam_role.rds_proxy" file="/rds/main.tf"/>
		<testcase name="[NONE][CKV2_AWS_56] Ensure AWS Managed IAMFullAccess IAM policy is not used." classname="/rds/main.tf.aws_iam_role.aws_backup" file="/rds/main.tf"/>
		<testcase name="[NONE][CKV2_AWS_56] Ensure AWS Managed IAMFullAccess IAM policy is not used." classname="/rds/main.tf.aws_iam_role_policy_attachment.aws_backup" file="/rds/main.tf"/>
		<testcase name="[NONE][CKV2_AWS_8] Ensure that RDS clusters has backup plan of AWS Backup" classname="/rds/main.tf.aws_rds_cluster.main" file="/rds/main.tf"/>
		<testcase name="[NONE][CKV2_AWS_5] Ensure that Security Groups are attached to another resource" classname="/vpc/main.tf.aws_security_group.vpc_endpoints" file="/vpc/main.tf"/>
		<testcase name="[NONE][CKV2_AWS_35] AWS NAT Gateways should be utilized for the default route" classname="/vpc/main.tf.aws_route_table.public" file="/vpc/main.tf"/>
		<testcase name="[NONE][CKV2_AWS_35] AWS NAT Gateways should be utilized for the default route" classname="/vpc/main.tf.aws_route_table.private_app" file="/vpc/main.tf"/>
		<testcase name="[NONE][CKV2_AWS_35] AWS NAT Gateways should be utilized for the default route" classname="/vpc/main.tf.aws_route_table.private_db" file="/vpc/main.tf"/>
		<testcase name="[NONE][CKV2_AWS_64] Ensure KMS key Policy is defined" classname="/security/main.tf.aws_kms_key.main" file="/security/main.tf"/>
		<testcase name="[NONE][CKV2_AWS_27] Ensure Postgres RDS as aws_rds_cluster has Query Logging enabled" classname="/rds/main.tf.aws_rds_cluster.main" file="/rds/main.tf"/>
		<testcase name="[NONE][CKV2_AWS_44] Ensure AWS route table with VPC peering does not contain routes overly permissive to all traffic" classname="/vpc/main.tf.aws_route_table.public" file="/vpc/main.tf"/>
		<testcase name="[NONE][CKV2_AWS_44] Ensure AWS route table with VPC peering does not contain routes overly permissive to all traffic" classname="/vpc/main.tf.aws_route_table.private_app" file="/vpc/main.tf"/>
		<testcase name="[NONE][CKV2_AWS_44] Ensure AWS route table with VPC peering does not contain routes overly permissive to all traffic" classname="/vpc/main.tf.aws_route_table.private_db" file="/vpc/main.tf"/>
		<testcase name="[NONE][CKV2_AWS_40] Ensure AWS IAM policy does not allow full IAM privileges" classname="/rds/main.tf.aws_iam_role_policy.rds_proxy" file="/rds/main.tf"/>
		<testcase name="[NONE][CKV2_AWS_50] Ensure AWS ElastiCache Redis cluster with Multi-AZ Automatic Failover feature set to enabled" classname="/elasticache/main.tf.aws_elasticache_replication_group.main" file="/elasticache/main.tf"/>
		<testcase name="[NONE][CKV_AWS_31] Ensure all data stored in the ElastiCache Replication Group is securely encrypted at transit and has auth token" classname="/elasticache/main.tf.aws_elasticache_replication_group.main" file="/elasticache/main.tf">
			<failure type="failure" message="Ensure all data stored in the ElastiCache Replication Group is securely encrypted at transit and has auth token">
Resource: aws_elasticache_replication_group.main
File: /elasticache/main.tf: 45-68
Guideline: https://docs.prismacloud.io/en/enterprise-edition/policy-reference/aws-policies/aws-general-policies/general-11

		45 | resource &quot;aws_elasticache_replication_group&quot; &quot;main&quot; {
		46 |   replication_group_id       = &quot;${local.name_prefix}-redis&quot;
		47 |   description                = &quot;Redis para Sistema de Reservas ${local.name_prefix}&quot;
		48 |   node_type                  = var.node_type
		49 |   num_cache_clusters         = 2
		50 |   automatic_failover_enabled = true
		51 |   engine                     = &quot;redis&quot;
		52 |   engine_version             = var.redis_engine_version
		53 |   port                       = 6379
		54 |   subnet_group_name          = aws_elasticache_subnet_group.main.name
		55 |   security_group_ids         = [var.sg_elasticache_id]
		56 |   at_rest_encryption_enabled = true
		57 |   transit_encryption_enabled = true
		58 |   kms_key_id                 = var.kms_key_arn
		59 | 
		60 |   preferred_cache_cluster_azs = [
		61 |     var.availability_zones[0],
		62 |     var.availability_zones[1]
		63 |   ]
		64 | 
		65 |   tags = {
		66 |     Name = &quot;${local.name_prefix}-redis&quot;
		67 |   }
		68 | }</failure>
		</testcase>
		<testcase name="[NONE][CKV_AWS_168] Ensure SQS queue policy is not public by only allowing specific services or principals to access it" classname="/messaging/main.tf.aws_sqs_queue_policy.auditoria" file="/messaging/main.tf">
			<failure type="failure" message="Ensure SQS queue policy is not public by only allowing specific services or principals to access it">
Resource: aws_sqs_queue_policy.auditoria
File: /messaging/main.tf: 290-308
Guideline: https://docs.prismacloud.io/en/enterprise-edition/policy-reference/aws-policies/aws-general-policies/ensure-sqs-queue-policy-is-not-public-by-only-allowing-specific-services-or-principals-to-access-it

		290 | resource &quot;aws_sqs_queue_policy&quot; &quot;auditoria&quot; {
		291 |   queue_url = aws_sqs_queue.auditoria.id
		292 | 
		293 |   policy = jsonencode({
		294 |     Version = &quot;2012-10-17&quot;
		295 |     Statement = [{
		296 |       Sid       = &quot;AllowAllSNSTopics&quot;
		297 |       Effect    = &quot;Allow&quot;
		298 |       Principal = { Service = &quot;sns.amazonaws.com&quot; }
		299 |       Action    = &quot;sqs:SendMessage&quot;
		300 |       Resource  = aws_sqs_queue.auditoria.arn
		301 |       Condition = {
		302 |         ArnLike = {
		303 |           &quot;aws:SourceArn&quot; = &quot;arn:aws:sns:${var.aws_region}:*:${local.name_prefix}-topic-*&quot;
		304 |         }
		305 |       }
		306 |     }]
		307 |   })
		308 | }</failure>
		</testcase>
		<testcase name="[NONE][CKV_AWS_324] Ensure that RDS Cluster log capture is enabled" classname="/rds/main.tf.aws_rds_cluster.main" file="/rds/main.tf">
			<failure type="failure" message="Ensure that RDS Cluster log capture is enabled">
Resource: aws_rds_cluster.main
File: /rds/main.tf: 69-106
Guideline: https://docs.prismacloud.io/en/enterprise-edition/policy-reference/aws-policies/aws-logging-policies/bc-aws-324

		69  | resource &quot;aws_rds_cluster&quot; &quot;main&quot; {
		70  |   cluster_identifier = &quot;${local.name_prefix}-aurora-cluster&quot;
		71  |   engine             = &quot;aurora-postgresql&quot;
		72  |   engine_version     = var.aurora_engine_version
		73  |   database_name      = var.aurora_database_name
		74  |   port               = var.aurora_port
		75  | 
		76  |   # Credenciales desde Secrets Manager
		77  |   master_username             = &quot;admin_${var.project_name}&quot;
		78  |   master_password = var.db_master_password
		79  | 
		80  |   # Red
		81  |   db_subnet_group_name   = aws_db_subnet_group.main.name
		82  |   vpc_security_group_ids = [var.sg_rds_id]
		83  | 
		84  |   # Cifrado
		85  |   storage_encrypted = true
		86  |   kms_key_id        = var.kms_key_arn
		87  | 
		88  |   # Backup automático nativo de Aurora
		89  |   backup_retention_period = var.backup_retention_days
		90  |   preferred_backup_window = var.backup_window
		91  | 
		92  |   # Mantenimiento
		93  |   preferred_maintenance_window = var.maintenance_window
		94  | 
		95  |   # Parámetros
		96  |   db_cluster_parameter_group_name = aws_rds_cluster_parameter_group.main.name
		97  | 
		98  |   # Protección contra eliminación accidental
		99  |   deletion_protection       = var.environment == &quot;prod&quot; ? true : false
		100 |   skip_final_snapshot       = var.environment == &quot;prod&quot; ? false : true
		101 |   final_snapshot_identifier = var.environment == &quot;prod&quot; ? &quot;${local.name_prefix}-final-snapshot&quot; : null
		102 | 
		103 |   tags = {
		104 |     Name = &quot;${local.name_prefix}-aurora-cluster&quot;
		105 |   }
		106 | }
</failure>
		</testcase>
		<testcase name="[NONE][CKV_AWS_162] Ensure RDS cluster has IAM authentication enabled" classname="/rds/main.tf.aws_rds_cluster.main" file="/rds/main.tf">
			<failure type="failure" message="Ensure RDS cluster has IAM authentication enabled">
Resource: aws_rds_cluster.main
File: /rds/main.tf: 69-106
Guideline: https://docs.prismacloud.io/en/enterprise-edition/policy-reference/aws-policies/aws-iam-policies/ensure-rds-cluster-has-iam-authentication-enabled

		69  | resource &quot;aws_rds_cluster&quot; &quot;main&quot; {
		70  |   cluster_identifier = &quot;${local.name_prefix}-aurora-cluster&quot;
		71  |   engine             = &quot;aurora-postgresql&quot;
		72  |   engine_version     = var.aurora_engine_version
		73  |   database_name      = var.aurora_database_name
		74  |   port               = var.aurora_port
		75  | 
		76  |   # Credenciales desde Secrets Manager
		77  |   master_username             = &quot;admin_${var.project_name}&quot;
		78  |   master_password = var.db_master_password
		79  | 
		80  |   # Red
		81  |   db_subnet_group_name   = aws_db_subnet_group.main.name
		82  |   vpc_security_group_ids = [var.sg_rds_id]
		83  | 
		84  |   # Cifrado
		85  |   storage_encrypted = true
		86  |   kms_key_id        = var.kms_key_arn
		87  | 
		88  |   # Backup automático nativo de Aurora
		89  |   backup_retention_period = var.backup_retention_days
		90  |   preferred_backup_window = var.backup_window
		91  | 
		92  |   # Mantenimiento
		93  |   preferred_maintenance_window = var.maintenance_window
		94  | 
		95  |   # Parámetros
		96  |   db_cluster_parameter_group_name = aws_rds_cluster_parameter_group.main.name
		97  | 
		98  |   # Protección contra eliminación accidental
		99  |   deletion_protection       = var.environment == &quot;prod&quot; ? true : false
		100 |   skip_final_snapshot       = var.environment == &quot;prod&quot; ? false : true
		101 |   final_snapshot_identifier = var.environment == &quot;prod&quot; ? &quot;${local.name_prefix}-final-snapshot&quot; : null
		102 | 
		103 |   tags = {
		104 |     Name = &quot;${local.name_prefix}-aurora-cluster&quot;
		105 |   }
		106 | }
</failure>
		</testcase>
		<testcase name="[NONE][CKV_AWS_313] Ensure RDS cluster configured to copy tags to snapshots" classname="/rds/main.tf.aws_rds_cluster.main" file="/rds/main.tf">
			<failure type="failure" message="Ensure RDS cluster configured to copy tags to snapshots">
Resource: aws_rds_cluster.main
File: /rds/main.tf: 69-106
Guideline: https://docs.prismacloud.io/en/enterprise-edition/policy-reference/aws-policies/aws-general-policies/bc-aws-313

		69  | resource &quot;aws_rds_cluster&quot; &quot;main&quot; {
		70  |   cluster_identifier = &quot;${local.name_prefix}-aurora-cluster&quot;
		71  |   engine             = &quot;aurora-postgresql&quot;
		72  |   engine_version     = var.aurora_engine_version
		73  |   database_name      = var.aurora_database_name
		74  |   port               = var.aurora_port
		75  | 
		76  |   # Credenciales desde Secrets Manager
		77  |   master_username             = &quot;admin_${var.project_name}&quot;
		78  |   master_password = var.db_master_password
		79  | 
		80  |   # Red
		81  |   db_subnet_group_name   = aws_db_subnet_group.main.name
		82  |   vpc_security_group_ids = [var.sg_rds_id]
		83  | 
		84  |   # Cifrado
		85  |   storage_encrypted = true
		86  |   kms_key_id        = var.kms_key_arn
		87  | 
		88  |   # Backup automático nativo de Aurora
		89  |   backup_retention_period = var.backup_retention_days
		90  |   preferred_backup_window = var.backup_window
		91  | 
		92  |   # Mantenimiento
		93  |   preferred_maintenance_window = var.maintenance_window
		94  | 
		95  |   # Parámetros
		96  |   db_cluster_parameter_group_name = aws_rds_cluster_parameter_group.main.name
		97  | 
		98  |   # Protección contra eliminación accidental
		99  |   deletion_protection       = var.environment == &quot;prod&quot; ? true : false
		100 |   skip_final_snapshot       = var.environment == &quot;prod&quot; ? false : true
		101 |   final_snapshot_identifier = var.environment == &quot;prod&quot; ? &quot;${local.name_prefix}-final-snapshot&quot; : null
		102 | 
		103 |   tags = {
		104 |     Name = &quot;${local.name_prefix}-aurora-cluster&quot;
		105 |   }
		106 | }
</failure>
		</testcase>
		<testcase name="[NONE][CKV_AWS_139] Ensure that RDS clusters have deletion protection enabled" classname="/rds/main.tf.aws_rds_cluster.main" file="/rds/main.tf">
			<failure type="failure" message="Ensure that RDS clusters have deletion protection enabled">
Resource: aws_rds_cluster.main
File: /rds/main.tf: 69-106
Guideline: https://docs.prismacloud.io/en/enterprise-edition/policy-reference/aws-policies/aws-general-policies/ensure-that-rds-clusters-and-instances-have-deletion-protection-enabled

		69  | resource &quot;aws_rds_cluster&quot; &quot;main&quot; {
		70  |   cluster_identifier = &quot;${local.name_prefix}-aurora-cluster&quot;
		71  |   engine             = &quot;aurora-postgresql&quot;
		72  |   engine_version     = var.aurora_engine_version
		73  |   database_name      = var.aurora_database_name
		74  |   port               = var.aurora_port
		75  | 
		76  |   # Credenciales desde Secrets Manager
		77  |   master_username             = &quot;admin_${var.project_name}&quot;
		78  |   master_password = var.db_master_password
		79  | 
		80  |   # Red
		81  |   db_subnet_group_name   = aws_db_subnet_group.main.name
		82  |   vpc_security_group_ids = [var.sg_rds_id]
		83  | 
		84  |   # Cifrado
		85  |   storage_encrypted = true
		86  |   kms_key_id        = var.kms_key_arn
		87  | 
		88  |   # Backup automático nativo de Aurora
		89  |   backup_retention_period = var.backup_retention_days
		90  |   preferred_backup_window = var.backup_window
		91  | 
		92  |   # Mantenimiento
		93  |   preferred_maintenance_window = var.maintenance_window
		94  | 
		95  |   # Parámetros
		96  |   db_cluster_parameter_group_name = aws_rds_cluster_parameter_group.main.name
		97  | 
		98  |   # Protección contra eliminación accidental
		99  |   deletion_protection       = var.environment == &quot;prod&quot; ? true : false
		100 |   skip_final_snapshot       = var.environment == &quot;prod&quot; ? false : true
		101 |   final_snapshot_identifier = var.environment == &quot;prod&quot; ? &quot;${local.name_prefix}-final-snapshot&quot; : null
		102 | 
		103 |   tags = {
		104 |     Name = &quot;${local.name_prefix}-aurora-cluster&quot;
		105 |   }
		106 | }
</failure>
		</testcase>
		<testcase name="[NONE][CKV_AWS_118] Ensure that enhanced monitoring is enabled for Amazon RDS instances" classname="/rds/main.tf.aws_rds_cluster_instance.primary" file="/rds/main.tf">
			<failure type="failure" message="Ensure that enhanced monitoring is enabled for Amazon RDS instances">
Resource: aws_rds_cluster_instance.primary
File: /rds/main.tf: 111-127
Guideline: https://docs.prismacloud.io/en/enterprise-edition/policy-reference/aws-policies/aws-logging-policies/ensure-that-enhanced-monitoring-is-enabled-for-amazon-rds-instances

		111 | resource &quot;aws_rds_cluster_instance&quot; &quot;primary&quot; {
		112 |   identifier         = &quot;${local.name_prefix}-aurora-primary&quot;
		113 |   cluster_identifier = aws_rds_cluster.main.id
		114 |   instance_class     = var.aurora_instance_class
		115 |   engine             = aws_rds_cluster.main.engine
		116 |   engine_version     = aws_rds_cluster.main.engine_version
		117 | 
		118 |   availability_zone            = var.availability_zones[0]
		119 |   db_subnet_group_name         = aws_db_subnet_group.main.name
		120 |   auto_minor_version_upgrade   = true
		121 |   performance_insights_enabled = true
		122 | 
		123 |   tags = {
		124 |     Name = &quot;${local.name_prefix}-aurora-primary&quot;
		125 |     Role = &quot;primary&quot;
		126 |   }
		127 | }
</failure>
		</testcase>
		<testcase name="[NONE][CKV_AWS_354] Ensure RDS Performance Insights are encrypted using KMS CMKs" classname="/rds/main.tf.aws_rds_cluster_instance.primary" file="/rds/main.tf">
			<failure type="failure" message="Ensure RDS Performance Insights are encrypted using KMS CMKs">
Resource: aws_rds_cluster_instance.primary
File: /rds/main.tf: 111-127
Guideline: https://docs.prismacloud.io/en/enterprise-edition/policy-reference/aws-policies/aws-general-policies/bc-aws-354

		111 | resource &quot;aws_rds_cluster_instance&quot; &quot;primary&quot; {
		112 |   identifier         = &quot;${local.name_prefix}-aurora-primary&quot;
		113 |   cluster_identifier = aws_rds_cluster.main.id
		114 |   instance_class     = var.aurora_instance_class
		115 |   engine             = aws_rds_cluster.main.engine
		116 |   engine_version     = aws_rds_cluster.main.engine_version
		117 | 
		118 |   availability_zone            = var.availability_zones[0]
		119 |   db_subnet_group_name         = aws_db_subnet_group.main.name
		120 |   auto_minor_version_upgrade   = true
		121 |   performance_insights_enabled = true
		122 | 
		123 |   tags = {
		124 |     Name = &quot;${local.name_prefix}-aurora-primary&quot;
		125 |     Role = &quot;primary&quot;
		126 |   }
		127 | }
</failure>
		</testcase>
		<testcase name="[NONE][CKV_AWS_118] Ensure that enhanced monitoring is enabled for Amazon RDS instances" classname="/rds/main.tf.aws_rds_cluster_instance.standby" file="/rds/main.tf">
			<failure type="failure" message="Ensure that enhanced monitoring is enabled for Amazon RDS instances">
Resource: aws_rds_cluster_instance.standby
File: /rds/main.tf: 132-148
Guideline: https://docs.prismacloud.io/en/enterprise-edition/policy-reference/aws-policies/aws-logging-policies/ensure-that-enhanced-monitoring-is-enabled-for-amazon-rds-instances

		132 | resource &quot;aws_rds_cluster_instance&quot; &quot;standby&quot; {
		133 |   identifier         = &quot;${local.name_prefix}-aurora-standby&quot;
		134 |   cluster_identifier = aws_rds_cluster.main.id
		135 |   instance_class     = var.aurora_instance_class
		136 |   engine             = aws_rds_cluster.main.engine
		137 |   engine_version     = aws_rds_cluster.main.engine_version
		138 | 
		139 |   availability_zone            = var.availability_zones[1]
		140 |   db_subnet_group_name         = aws_db_subnet_group.main.name
		141 |   auto_minor_version_upgrade   = true
		142 |   performance_insights_enabled = true
		143 | 
		144 |   tags = {
		145 |     Name = &quot;${local.name_prefix}-aurora-standby&quot;
		146 |     Role = &quot;standby-readonly&quot;
		147 |   }
		148 | }
</failure>
		</testcase>
		<testcase name="[NONE][CKV_AWS_354] Ensure RDS Performance Insights are encrypted using KMS CMKs" classname="/rds/main.tf.aws_rds_cluster_instance.standby" file="/rds/main.tf">
			<failure type="failure" message="Ensure RDS Performance Insights are encrypted using KMS CMKs">
Resource: aws_rds_cluster_instance.standby
File: /rds/main.tf: 132-148
Guideline: https://docs.prismacloud.io/en/enterprise-edition/policy-reference/aws-policies/aws-general-policies/bc-aws-354

		132 | resource &quot;aws_rds_cluster_instance&quot; &quot;standby&quot; {
		133 |   identifier         = &quot;${local.name_prefix}-aurora-standby&quot;
		134 |   cluster_identifier = aws_rds_cluster.main.id
		135 |   instance_class     = var.aurora_instance_class
		136 |   engine             = aws_rds_cluster.main.engine
		137 |   engine_version     = aws_rds_cluster.main.engine_version
		138 | 
		139 |   availability_zone            = var.availability_zones[1]
		140 |   db_subnet_group_name         = aws_db_subnet_group.main.name
		141 |   auto_minor_version_upgrade   = true
		142 |   performance_insights_enabled = true
		143 | 
		144 |   tags = {
		145 |     Name = &quot;${local.name_prefix}-aurora-standby&quot;
		146 |     Role = &quot;standby-readonly&quot;
		147 |   }
		148 | }
</failure>
		</testcase>
		<testcase name="[NONE][CKV_AWS_260] Ensure no security groups allow ingress from 0.0.0.0:0 to port 80" classname="/security/main.tf.aws_security_group.alb" file="/security/main.tf">
			<failure type="failure" message="Ensure no security groups allow ingress from 0.0.0.0:0 to port 80">
Resource: aws_security_group.alb
File: /security/main.tf: 116-148
Guideline: https://docs.prismacloud.io/en/enterprise-edition/policy-reference/aws-policies/aws-networking-policies/ensure-aws-security-groups-do-not-allow-ingress-from-00000-to-port-80

		116 | resource &quot;aws_security_group&quot; &quot;alb&quot; {
		117 |   name        = &quot;${local.name_prefix}-sg-alb&quot;
		118 |   description = &quot;SG del Application Load Balancer — permite HTTPS desde internet&quot;
		119 |   vpc_id      = var.vpc_id
		120 | 
		121 |   ingress {
		122 |     description = &quot;HTTPS desde internet&quot;
		123 |     from_port   = 443
		124 |     to_port     = 443
		125 |     protocol    = &quot;tcp&quot;
		126 |     cidr_blocks = [&quot;0.0.0.0/0&quot;]
		127 |   }
		128 | 
		129 |   ingress {
		130 |     description = &quot;HTTP desde internet (redirect a HTTPS)&quot;
		131 |     from_port   = 80
		132 |     to_port     = 80
		133 |     protocol    = &quot;tcp&quot;
		134 |     cidr_blocks = [&quot;0.0.0.0/0&quot;]
		135 |   }
		136 | 
		137 |   egress {
		138 |     description = &quot;Hacia microservicios en subredes de app&quot;
		139 |     from_port   = 0
		140 |     to_port     = 0
		141 |     protocol    = &quot;-1&quot;
		142 |     cidr_blocks = [var.vpc_cidr]
		143 |   }
		144 | 
		145 |   tags = {
		146 |     Name = &quot;${local.name_prefix}-sg-alb&quot;
		147 |   }
		148 | }
</failure>
		</testcase>
		<testcase name="[NONE][CKV_AWS_130] Ensure VPC subnets do not assign public IP by default" classname="/vpc/main.tf.aws_subnet.public[0]" file="/vpc/main.tf">
			<failure type="failure" message="Ensure VPC subnets do not assign public IP by default">
Resource: aws_subnet.public[0]
File: /vpc/main.tf: 65-77
Guideline: https://docs.prismacloud.io/en/enterprise-edition/policy-reference/aws-policies/aws-networking-policies/ensure-vpc-subnets-do-not-assign-public-ip-by-default

		65 | resource &quot;aws_subnet&quot; &quot;public&quot; {
		66 |   count = 2
		67 | 
		68 |   vpc_id                  = aws_vpc.main.id
		69 |   cidr_block              = local.public_cidrs[count.index]
		70 |   availability_zone       = local.azs[count.index]
		71 |   map_public_ip_on_launch = true
		72 | 
		73 |   tags = {
		74 |     Name = &quot;${local.name_prefix}-public-${local.azs[count.index]}&quot;
		75 |     Tier = &quot;public&quot;
		76 |   }
		77 | }
</failure>
		</testcase>
		<testcase name="[NONE][CKV_AWS_130] Ensure VPC subnets do not assign public IP by default" classname="/vpc/main.tf.aws_subnet.public[1]" file="/vpc/main.tf">
			<failure type="failure" message="Ensure VPC subnets do not assign public IP by default">
Resource: aws_subnet.public[1]
File: /vpc/main.tf: 65-77
Guideline: https://docs.prismacloud.io/en/enterprise-edition/policy-reference/aws-policies/aws-networking-policies/ensure-vpc-subnets-do-not-assign-public-ip-by-default

		65 | resource &quot;aws_subnet&quot; &quot;public&quot; {
		66 |   count = 2
		67 | 
		68 |   vpc_id                  = aws_vpc.main.id
		69 |   cidr_block              = local.public_cidrs[count.index]
		70 |   availability_zone       = local.azs[count.index]
		71 |   map_public_ip_on_launch = true
		72 | 
		73 |   tags = {
		74 |     Name = &quot;${local.name_prefix}-public-${local.azs[count.index]}&quot;
		75 |     Tier = &quot;public&quot;
		76 |   }
		77 | }
</failure>
		</testcase>
		<testcase name="[NONE][CKV2_AWS_11] Ensure VPC flow logging is enabled in all VPCs" classname="/vpc/main.tf.aws_vpc.main" file="/vpc/main.tf">
			<failure type="failure" message="Ensure VPC flow logging is enabled in all VPCs">
Resource: aws_vpc.main
File: /vpc/main.tf: 47-55
Guideline: https://docs.prismacloud.io/en/enterprise-edition/policy-reference/aws-policies/aws-logging-policies/logging-9-enable-vpc-flow-logging

		47 | resource &quot;aws_vpc&quot; &quot;main&quot; {
		48 |   cidr_block           = var.vpc_cidr
		49 |   enable_dns_hostnames = true # Requerido por VPC Endpoints de tipo Interface
		50 |   enable_dns_support   = true # Requerido por VPC Endpoints de tipo Interface
		51 | 
		52 |   tags = {
		53 |     Name = &quot;${local.name_prefix}-vpc&quot;
		54 |   }
		55 | }
</failure>
		</testcase>
		<testcase name="[NONE][CKV2_AWS_5] Ensure that Security Groups are attached to another resource" classname="/security/main.tf.aws_security_group.alb" file="/security/main.tf">
			<failure type="failure" message="Ensure that Security Groups are attached to another resource">
Resource: aws_security_group.alb
File: /security/main.tf: 116-148
Guideline: https://docs.prismacloud.io/en/enterprise-edition/policy-reference/aws-policies/aws-networking-policies/ensure-that-security-groups-are-attached-to-ec2-instances-or-elastic-network-interfaces-enis

		116 | resource &quot;aws_security_group&quot; &quot;alb&quot; {
		117 |   name        = &quot;${local.name_prefix}-sg-alb&quot;
		118 |   description = &quot;SG del Application Load Balancer — permite HTTPS desde internet&quot;
		119 |   vpc_id      = var.vpc_id
		120 | 
		121 |   ingress {
		122 |     description = &quot;HTTPS desde internet&quot;
		123 |     from_port   = 443
		124 |     to_port     = 443
		125 |     protocol    = &quot;tcp&quot;
		126 |     cidr_blocks = [&quot;0.0.0.0/0&quot;]
		127 |   }
		128 | 
		129 |   ingress {
		130 |     description = &quot;HTTP desde internet (redirect a HTTPS)&quot;
		131 |     from_port   = 80
		132 |     to_port     = 80
		133 |     protocol    = &quot;tcp&quot;
		134 |     cidr_blocks = [&quot;0.0.0.0/0&quot;]
		135 |   }
		136 | 
		137 |   egress {
		138 |     description = &quot;Hacia microservicios en subredes de app&quot;
		139 |     from_port   = 0
		140 |     to_port     = 0
		141 |     protocol    = &quot;-1&quot;
		142 |     cidr_blocks = [var.vpc_cidr]
		143 |   }
		144 | 
		145 |   tags = {
		146 |     Name = &quot;${local.name_prefix}-sg-alb&quot;
		147 |   }
		148 | }
</failure>
		</testcase>
		<testcase name="[NONE][CKV2_AWS_5] Ensure that Security Groups are attached to another resource" classname="/security/main.tf.aws_security_group.ecs" file="/security/main.tf">
			<failure type="failure" message="Ensure that Security Groups are attached to another resource">
Resource: aws_security_group.ecs
File: /security/main.tf: 153-177
Guideline: https://docs.prismacloud.io/en/enterprise-edition/policy-reference/aws-policies/aws-networking-policies/ensure-that-security-groups-are-attached-to-ec2-instances-or-elastic-network-interfaces-enis

		153 | resource &quot;aws_security_group&quot; &quot;ecs&quot; {
		154 |   name        = &quot;${local.name_prefix}-sg-ecs&quot;
		155 |   description = &quot;SG de los microservicios ECS — solo recibe tráfico desde el ALB&quot;
		156 |   vpc_id      = var.vpc_id
		157 | 
		158 |   ingress {
		159 |     description     = &quot;Tráfico desde el ALB&quot;
		160 |     from_port       = 3000
		161 |     to_port         = 3000
		162 |     protocol        = &quot;tcp&quot;
		163 |     security_groups = [aws_security_group.alb.id]
		164 |   }
		165 | 
		166 |   egress {
		167 |     description = &quot;Salida hacia VPC (RDS, ElastiCache, VPC Endpoints)&quot;
		168 |     from_port   = 0
		169 |     to_port     = 0
		170 |     protocol    = &quot;-1&quot;
		171 |     cidr_blocks = [var.vpc_cidr]
		172 |   }
		173 | 
		174 |   tags = {
		175 |     Name = &quot;${local.name_prefix}-sg-ecs&quot;
		176 |   }
		177 | }
</failure>
		</testcase>
		<testcase name="[NONE][CKV2_AWS_5] Ensure that Security Groups are attached to another resource" classname="/security/main.tf.aws_security_group.rds" file="/security/main.tf">
			<failure type="failure" message="Ensure that Security Groups are attached to another resource">
Resource: aws_security_group.rds
File: /security/main.tf: 182-206
Guideline: https://docs.prismacloud.io/en/enterprise-edition/policy-reference/aws-policies/aws-networking-policies/ensure-that-security-groups-are-attached-to-ec2-instances-or-elastic-network-interfaces-enis

		182 | resource &quot;aws_security_group&quot; &quot;rds&quot; {
		183 |   name        = &quot;${local.name_prefix}-sg-rds&quot;
		184 |   description = &quot;SG de Aurora PostgreSQL — solo acepta conexiones desde ECS&quot;
		185 |   vpc_id      = var.vpc_id
		186 | 
		187 |   ingress {
		188 |     description     = &quot;PostgreSQL desde microservicios ECS&quot;
		189 |     from_port       = 5432
		190 |     to_port         = 5432
		191 |     protocol        = &quot;tcp&quot;
		192 |     security_groups = [aws_security_group.ecs.id]
		193 |   }
		194 | 
		195 |   egress {
		196 |     description = &quot;Respuesta hacia ECS&quot;
		197 |     from_port   = 0
		198 |     to_port     = 0
		199 |     protocol    = &quot;-1&quot;
		200 |     cidr_blocks = [var.vpc_cidr]
		201 |   }
		202 | 
		203 |   tags = {
		204 |     Name = &quot;${local.name_prefix}-sg-rds&quot;
		205 |   }
		206 | }
</failure>
		</testcase>
		<testcase name="[NONE][CKV2_AWS_5] Ensure that Security Groups are attached to another resource" classname="/security/main.tf.aws_security_group.elasticache" file="/security/main.tf">
			<failure type="failure" message="Ensure that Security Groups are attached to another resource">
Resource: aws_security_group.elasticache
File: /security/main.tf: 211-235
Guideline: https://docs.prismacloud.io/en/enterprise-edition/policy-reference/aws-policies/aws-networking-policies/ensure-that-security-groups-are-attached-to-ec2-instances-or-elastic-network-interfaces-enis

		211 | resource &quot;aws_security_group&quot; &quot;elasticache&quot; {
		212 |   name        = &quot;${local.name_prefix}-sg-elasticache&quot;
		213 |   description = &quot;SG de ElastiCache Redis — solo acepta conexiones desde ECS&quot;
		214 |   vpc_id      = var.vpc_id
		215 | 
		216 |   ingress {
		217 |     description     = &quot;Redis desde microservicios ECS&quot;
		218 |     from_port       = 6379
		219 |     to_port         = 6379
		220 |     protocol        = &quot;tcp&quot;
		221 |     security_groups = [aws_security_group.ecs.id]
		222 |   }
		223 | 
		224 |   egress {
		225 |     description = &quot;Respuesta hacia ECS&quot;
		226 |     from_port   = 0
		227 |     to_port     = 0
		228 |     protocol    = &quot;-1&quot;
		229 |     cidr_blocks = [var.vpc_cidr]
		230 |   }
		231 | 
		232 |   tags = {
		233 |     Name = &quot;${local.name_prefix}-sg-elasticache&quot;
		234 |   }
		235 | }</failure>
		</testcase>
		<testcase name="[NONE][CKV2_AWS_57] Ensure Secrets Manager secrets should have automatic rotation enabled" classname="/security/main.tf.aws_secretsmanager_secret.rds_credentials" file="/security/main.tf">
			<failure type="failure" message="Ensure Secrets Manager secrets should have automatic rotation enabled">
Resource: aws_secretsmanager_secret.rds_credentials
File: /security/main.tf: 87-96
Guideline: https://docs.prismacloud.io/en/enterprise-edition/policy-reference/aws-policies/aws-general-policies/bc-aws-2-57

		87 | resource &quot;aws_secretsmanager_secret&quot; &quot;rds_credentials&quot; {
		88 |   name                    = &quot;${local.name_prefix}/rds/credentials&quot;
		89 |   description             = &quot;Credenciales de Aurora PostgreSQL para ${local.name_prefix}&quot;
		90 |   kms_key_id              = aws_kms_key.main.arn
		91 |   recovery_window_in_days = 7
		92 | 
		93 |   tags = {
		94 |     Name = &quot;${local.name_prefix}-secret-rds&quot;
		95 |   }
		96 | }
</failure>
		</testcase>
		<testcase name="[NONE][CKV2_AWS_12] Ensure the default security group of every VPC restricts all traffic" classname="/vpc/main.tf.aws_vpc.main" file="/vpc/main.tf">
			<failure type="failure" message="Ensure the default security group of every VPC restricts all traffic">
Resource: aws_vpc.main
File: /vpc/main.tf: 47-55
Guideline: https://docs.prismacloud.io/en/enterprise-edition/policy-reference/aws-policies/aws-networking-policies/networking-4

		47 | resource &quot;aws_vpc&quot; &quot;main&quot; {
		48 |   cidr_block           = var.vpc_cidr
		49 |   enable_dns_hostnames = true # Requerido por VPC Endpoints de tipo Interface
		50 |   enable_dns_support   = true # Requerido por VPC Endpoints de tipo Interface
		51 | 
		52 |   tags = {
		53 |     Name = &quot;${local.name_prefix}-vpc&quot;
		54 |   }
		55 | }
</failure>
		</testcase>
	</testsuite>
</testsuites>
